#-----------------------------------------------------------
# Vivado v2018.2 (64-bit)
# SW Build 2258646 on Thu Jun 14 20:03:12 MDT 2018
# IP Build 2256618 on Thu Jun 14 22:10:49 MDT 2018
# Start of session at: Sat Dec 14 11:33:17 2024
# Process ID: 37768
# Current directory: C:/BSUIR/7semestr/apcu/lab3/lab2
# Command line: vivado.exe -gui_launcher_event rodinguilauncherevent37808 C:\BSUIR\7semestr\apcu\lab3\lab2\lab2.xpr
# Log file: C:/BSUIR/7semestr/apcu/lab3/lab2/vivado.log
# Journal file: C:/BSUIR/7semestr/apcu/lab3/lab2\vivado.jou
#-----------------------------------------------------------
start_gui
open_project C:/BSUIR/7semestr/apcu/lab3/lab2/lab2.xpr
Scanning sources...
Finished scanning sources
INFO: [IP_Flow 19-234] Refreshing IP repositories
INFO: [IP_Flow 19-1704] No user IP repositories specified
INFO: [IP_Flow 19-2313] Loaded Vivado IP repository 'C:/Xilinx/Vivado/2018.2/data/ip'.
open_project: Time (s): cpu = 00:00:11 ; elapsed = 00:00:07 . Memory (MB): peak = 732.598 ; gain = 52.367
update_compile_order -fileset sources_1
add_files -norecurse {C:/BSUIR/7semestr/apcu/lab3/lab2/lab2.srcs/sources_1/new/jk2.vhd C:/BSUIR/7semestr/apcu/lab3/lab2/lab2.srcs/sources_1/new/counter2.vhd}
update_compile_order -fileset sources_1
launch_simulation
INFO: [Vivado 12-5682] Launching behavioral simulation in 'C:/BSUIR/7semestr/apcu/lab3/lab2/lab2.sim/sim_1/behav/xsim'
INFO: [SIM-utils-51] Simulation object is 'sim_1'
INFO: [SIM-utils-54] Inspecting design source files for 'counter_sim' in fileset 'sim_1'...
INFO: [USF-XSim-97] Finding global include files...
INFO: [USF-XSim-98] Fetching design files from 'sim_1'...
INFO: [USF-XSim-2] XSim::Compile design
INFO: [USF-XSim-61] Executing 'COMPILE and ANALYZE' step in 'C:/BSUIR/7semestr/apcu/lab3/lab2/lab2.sim/sim_1/behav/xsim'
"xvhdl --incr --relax -prj counter_sim_vhdl.prj"
INFO: [VRFC 10-163] Analyzing VHDL file "C:/BSUIR/7semestr/apcu/lab3/lab2/lab2.srcs/sources_1/new/counter2.vhd" into library xil_defaultlib
INFO: [VRFC 10-307] analyzing entity counter2
INFO: [VRFC 10-163] Analyzing VHDL file "C:/BSUIR/7semestr/apcu/lab3/lab2/lab2.srcs/sources_1/new/jk2.vhd" into library xil_defaultlib
INFO: [VRFC 10-307] analyzing entity jk2
INFO: [VRFC 10-163] Analyzing VHDL file "C:/BSUIR/7semestr/apcu/lab3/lab2/lab2.srcs/sim_1/new/counter_sim.vhd" into library xil_defaultlib
INFO: [VRFC 10-307] analyzing entity counter_sim
INFO: [USF-XSim-69] 'compile' step finished in '2' seconds
INFO: [USF-XSim-3] XSim::Elaborate design
INFO: [USF-XSim-61] Executing 'ELABORATE' step in 'C:/BSUIR/7semestr/apcu/lab3/lab2/lab2.sim/sim_1/behav/xsim'
Vivado Simulator 2018.2
Copyright 1986-1999, 2001-2018 Xilinx, Inc. All Rights Reserved.
Running: C:/Xilinx/Vivado/2018.2/bin/unwrapped/win64.o/xelab.exe -wto 002eb506dd2e4d28a45a7b71c4308995 --incr --debug typical --relax --mt 2 -L xil_defaultlib -L secureip --snapshot counter_sim_behav xil_defaultlib.counter_sim -log elaborate.log 
Using 2 slave threads.
Starting static elaboration
Completed static elaboration
Starting simulation data flow analysis
Completed simulation data flow analysis
Time Resolution for simulation is 1ps
Compiling package std.standard
Compiling package std.textio
Compiling package ieee.std_logic_1164
Compiling package ieee.numeric_std
Compiling package ieee.std_logic_textio
Compiling architecture behavioral of entity xil_defaultlib.jk [jk_default]
Compiling architecture behavioral of entity xil_defaultlib.counter [counter_default]
Compiling architecture behavioral of entity xil_defaultlib.jk2 [jk2_default]
Compiling architecture behavioral of entity xil_defaultlib.counter2 [counter2_default]
Compiling architecture behavioral of entity xil_defaultlib.counter_sim
Built simulation snapshot counter_sim_behav
INFO: [USF-XSim-69] 'elaborate' step finished in '3' seconds
INFO: [USF-XSim-4] XSim::Simulate design
INFO: [USF-XSim-61] Executing 'SIMULATE' step in 'C:/BSUIR/7semestr/apcu/lab3/lab2/lab2.sim/sim_1/behav/xsim'
INFO: [USF-XSim-98] *** Running xsim
   with args "counter_sim_behav -key {Behavioral:sim_1:Functional:counter_sim} -tclbatch {counter_sim.tcl} -log {simulate.log}"
INFO: [USF-XSim-8] Loading simulator feature
Vivado Simulator 2018.2
Time resolution is 1 ps
source counter_sim.tcl
# set curr_wave [current_wave_config]
# if { [string length $curr_wave] == 0 } {
#   if { [llength [get_objects]] > 0} {
#     add_wave /
#     set_property needs_save false [current_wave_config]
#   } else {
#      send_msg_id Add_Wave-1 WARNING "No top level signals found. Simulator will start without a wave window. If you want to open a wave window go to 'File->New Waveform Configuration' or type 'create_wave_config' in the TCL console."
#   }
# }
WARNING: Simulation object /counter_sim/input_buf was not traceable in the design for the following reason:
Vivado Simulator does not yet support tracing of VHDL variables.
# run 1000ns
Error: Ошибка: NOT_RCO не соответствует ожидаемому значению
Time: 10 ns  Iteration: 0  Process: /counter_sim/stimulus  File: C:/BSUIR/7semestr/apcu/lab3/lab2/lab2.srcs/sim_1/new/counter_sim.vhd
Note: Значение NOT_RCO должно быть : 'U'
Time: 10 ns  Iteration: 0  Process: /counter_sim/stimulus  File: C:/BSUIR/7semestr/apcu/lab3/lab2/lab2.srcs/sim_1/new/counter_sim.vhd
Error: Ошибка: NOT_RCO не соответствует ожидаемому значению
Time: 20 ns  Iteration: 0  Process: /counter_sim/stimulus  File: C:/BSUIR/7semestr/apcu/lab3/lab2/lab2.srcs/sim_1/new/counter_sim.vhd
Note: Значение NOT_RCO должно быть : 'U'
Time: 20 ns  Iteration: 0  Process: /counter_sim/stimulus  File: C:/BSUIR/7semestr/apcu/lab3/lab2/lab2.srcs/sim_1/new/counter_sim.vhd
Error: Ошибка: NOT_RCO не соответствует ожидаемому значению
Time: 30 ns  Iteration: 0  Process: /counter_sim/stimulus  File: C:/BSUIR/7semestr/apcu/lab3/lab2/lab2.srcs/sim_1/new/counter_sim.vhd
Note: Значение NOT_RCO должно быть : 'U'
Time: 30 ns  Iteration: 0  Process: /counter_sim/stimulus  File: C:/BSUIR/7semestr/apcu/lab3/lab2/lab2.srcs/sim_1/new/counter_sim.vhd
Error: Ошибка: NOT_RCO не соответствует ожидаемому значению
Time: 40 ns  Iteration: 0  Process: /counter_sim/stimulus  File: C:/BSUIR/7semestr/apcu/lab3/lab2/lab2.srcs/sim_1/new/counter_sim.vhd
Note: Значение NOT_RCO должно быть : 'U'
Time: 40 ns  Iteration: 0  Process: /counter_sim/stimulus  File: C:/BSUIR/7semestr/apcu/lab3/lab2/lab2.srcs/sim_1/new/counter_sim.vhd
Error: Ошибка: NOT_RCO не соответствует ожидаемому значению
Time: 50 ns  Iteration: 0  Process: /counter_sim/stimulus  File: C:/BSUIR/7semestr/apcu/lab3/lab2/lab2.srcs/sim_1/new/counter_sim.vhd
Note: Значение NOT_RCO должно быть : 'U'
Time: 50 ns  Iteration: 0  Process: /counter_sim/stimulus  File: C:/BSUIR/7semestr/apcu/lab3/lab2/lab2.srcs/sim_1/new/counter_sim.vhd
Error: Ошибка: NOT_RCO не соответствует ожидаемому значению
Time: 60 ns  Iteration: 0  Process: /counter_sim/stimulus  File: C:/BSUIR/7semestr/apcu/lab3/lab2/lab2.srcs/sim_1/new/counter_sim.vhd
Note: Значение NOT_RCO должно быть : 'U'
Time: 60 ns  Iteration: 0  Process: /counter_sim/stimulus  File: C:/BSUIR/7semestr/apcu/lab3/lab2/lab2.srcs/sim_1/new/counter_sim.vhd
Error: Ошибка: NOT_RCO не соответствует ожидаемому значению
Time: 70 ns  Iteration: 0  Process: /counter_sim/stimulus  File: C:/BSUIR/7semestr/apcu/lab3/lab2/lab2.srcs/sim_1/new/counter_sim.vhd
Note: Значение NOT_RCO должно быть : 'U'
Time: 70 ns  Iteration: 0  Process: /counter_sim/stimulus  File: C:/BSUIR/7semestr/apcu/lab3/lab2/lab2.srcs/sim_1/new/counter_sim.vhd
Error: Ошибка: NOT_RCO не соответствует ожидаемому значению
Time: 80 ns  Iteration: 0  Process: /counter_sim/stimulus  File: C:/BSUIR/7semestr/apcu/lab3/lab2/lab2.srcs/sim_1/new/counter_sim.vhd
Note: Значение NOT_RCO должно быть : 'U'
Time: 80 ns  Iteration: 0  Process: /counter_sim/stimulus  File: C:/BSUIR/7semestr/apcu/lab3/lab2/lab2.srcs/sim_1/new/counter_sim.vhd
Error: Ошибка: NOT_RCO не соответствует ожидаемому значению
Time: 90 ns  Iteration: 0  Process: /counter_sim/stimulus  File: C:/BSUIR/7semestr/apcu/lab3/lab2/lab2.srcs/sim_1/new/counter_sim.vhd
Note: Значение NOT_RCO должно быть : 'U'
Time: 90 ns  Iteration: 0  Process: /counter_sim/stimulus  File: C:/BSUIR/7semestr/apcu/lab3/lab2/lab2.srcs/sim_1/new/counter_sim.vhd
Error: Ошибка: NOT_RCO не соответствует ожидаемому значению
Time: 100 ns  Iteration: 0  Process: /counter_sim/stimulus  File: C:/BSUIR/7semestr/apcu/lab3/lab2/lab2.srcs/sim_1/new/counter_sim.vhd
Note: Значение NOT_RCO должно быть : 'U'
Time: 100 ns  Iteration: 0  Process: /counter_sim/stimulus  File: C:/BSUIR/7semestr/apcu/lab3/lab2/lab2.srcs/sim_1/new/counter_sim.vhd
Error: Ошибка: NOT_RCO не соответствует ожидаемому значению
Time: 110 ns  Iteration: 0  Process: /counter_sim/stimulus  File: C:/BSUIR/7semestr/apcu/lab3/lab2/lab2.srcs/sim_1/new/counter_sim.vhd
Note: Значение NOT_RCO должно быть : 'U'
Time: 110 ns  Iteration: 0  Process: /counter_sim/stimulus  File: C:/BSUIR/7semestr/apcu/lab3/lab2/lab2.srcs/sim_1/new/counter_sim.vhd
Error: Ошибка: NOT_RCO не соответствует ожидаемому значению
Time: 120 ns  Iteration: 0  Process: /counter_sim/stimulus  File: C:/BSUIR/7semestr/apcu/lab3/lab2/lab2.srcs/sim_1/new/counter_sim.vhd
Note: Значение NOT_RCO должно быть : 'U'
Time: 120 ns  Iteration: 0  Process: /counter_sim/stimulus  File: C:/BSUIR/7semestr/apcu/lab3/lab2/lab2.srcs/sim_1/new/counter_sim.vhd
Error: Ошибка: NOT_RCO не соответствует ожидаемому значению
Time: 130 ns  Iteration: 0  Process: /counter_sim/stimulus  File: C:/BSUIR/7semestr/apcu/lab3/lab2/lab2.srcs/sim_1/new/counter_sim.vhd
Note: Значение NOT_RCO должно быть : 'U'
Time: 130 ns  Iteration: 0  Process: /counter_sim/stimulus  File: C:/BSUIR/7semestr/apcu/lab3/lab2/lab2.srcs/sim_1/new/counter_sim.vhd
Error: Ошибка: NOT_RCO не соответствует ожидаемому значению
Time: 140 ns  Iteration: 0  Process: /counter_sim/stimulus  File: C:/BSUIR/7semestr/apcu/lab3/lab2/lab2.srcs/sim_1/new/counter_sim.vhd
Note: Значение NOT_RCO должно быть : 'U'
Time: 140 ns  Iteration: 0  Process: /counter_sim/stimulus  File: C:/BSUIR/7semestr/apcu/lab3/lab2/lab2.srcs/sim_1/new/counter_sim.vhd
Error: Ошибка: NOT_RCO не соответствует ожидаемому значению
Time: 150 ns  Iteration: 0  Process: /counter_sim/stimulus  File: C:/BSUIR/7semestr/apcu/lab3/lab2/lab2.srcs/sim_1/new/counter_sim.vhd
Note: Значение NOT_RCO должно быть : 'U'
Time: 150 ns  Iteration: 0  Process: /counter_sim/stimulus  File: C:/BSUIR/7semestr/apcu/lab3/lab2/lab2.srcs/sim_1/new/counter_sim.vhd
Error: Ошибка: NOT_RCO не соответствует ожидаемому значению
Time: 160 ns  Iteration: 0  Process: /counter_sim/stimulus  File: C:/BSUIR/7semestr/apcu/lab3/lab2/lab2.srcs/sim_1/new/counter_sim.vhd
Note: Значение NOT_RCO должно быть : 'U'
Time: 160 ns  Iteration: 0  Process: /counter_sim/stimulus  File: C:/BSUIR/7semestr/apcu/lab3/lab2/lab2.srcs/sim_1/new/counter_sim.vhd
Error: Ошибка: NOT_RCO не соответствует ожидаемому значению
Time: 170 ns  Iteration: 0  Process: /counter_sim/stimulus  File: C:/BSUIR/7semestr/apcu/lab3/lab2/lab2.srcs/sim_1/new/counter_sim.vhd
Note: Значение NOT_RCO должно быть : 'U'
Time: 170 ns  Iteration: 0  Process: /counter_sim/stimulus  File: C:/BSUIR/7semestr/apcu/lab3/lab2/lab2.srcs/sim_1/new/counter_sim.vhd
Error: Ошибка: NOT_RCO не соответствует ожидаемому значению
Time: 180 ns  Iteration: 0  Process: /counter_sim/stimulus  File: C:/BSUIR/7semestr/apcu/lab3/lab2/lab2.srcs/sim_1/new/counter_sim.vhd
Note: Значение NOT_RCO должно быть : 'U'
Time: 180 ns  Iteration: 0  Process: /counter_sim/stimulus  File: C:/BSUIR/7semestr/apcu/lab3/lab2/lab2.srcs/sim_1/new/counter_sim.vhd
Error: Ошибка: NOT_RCO не соответствует ожидаемому значению
Time: 190 ns  Iteration: 0  Process: /counter_sim/stimulus  File: C:/BSUIR/7semestr/apcu/lab3/lab2/lab2.srcs/sim_1/new/counter_sim.vhd
Note: Значение NOT_RCO должно быть : 'U'
Time: 190 ns  Iteration: 0  Process: /counter_sim/stimulus  File: C:/BSUIR/7semestr/apcu/lab3/lab2/lab2.srcs/sim_1/new/counter_sim.vhd
Error: Ошибка: NOT_RCO не соответствует ожидаемому значению
Time: 200 ns  Iteration: 0  Process: /counter_sim/stimulus  File: C:/BSUIR/7semestr/apcu/lab3/lab2/lab2.srcs/sim_1/new/counter_sim.vhd
Note: Значение NOT_RCO должно быть : 'U'
Time: 200 ns  Iteration: 0  Process: /counter_sim/stimulus  File: C:/BSUIR/7semestr/apcu/lab3/lab2/lab2.srcs/sim_1/new/counter_sim.vhd
Error: Ошибка: NOT_RCO не соответствует ожидаемому значению
Time: 210 ns  Iteration: 0  Process: /counter_sim/stimulus  File: C:/BSUIR/7semestr/apcu/lab3/lab2/lab2.srcs/sim_1/new/counter_sim.vhd
Note: Значение NOT_RCO должно быть : 'U'
Time: 210 ns  Iteration: 0  Process: /counter_sim/stimulus  File: C:/BSUIR/7semestr/apcu/lab3/lab2/lab2.srcs/sim_1/new/counter_sim.vhd
Error: Ошибка: NOT_RCO не соответствует ожидаемому значению
Time: 220 ns  Iteration: 0  Process: /counter_sim/stimulus  File: C:/BSUIR/7semestr/apcu/lab3/lab2/lab2.srcs/sim_1/new/counter_sim.vhd
Note: Значение NOT_RCO должно быть : 'U'
Time: 220 ns  Iteration: 0  Process: /counter_sim/stimulus  File: C:/BSUIR/7semestr/apcu/lab3/lab2/lab2.srcs/sim_1/new/counter_sim.vhd
Error: Ошибка: NOT_RCO не соответствует ожидаемому значению
Time: 230 ns  Iteration: 0  Process: /counter_sim/stimulus  File: C:/BSUIR/7semestr/apcu/lab3/lab2/lab2.srcs/sim_1/new/counter_sim.vhd
Note: Значение NOT_RCO должно быть : 'U'
Time: 230 ns  Iteration: 0  Process: /counter_sim/stimulus  File: C:/BSUIR/7semestr/apcu/lab3/lab2/lab2.srcs/sim_1/new/counter_sim.vhd
Error: Ошибка: NOT_RCO не соответствует ожидаемому значению
Time: 240 ns  Iteration: 0  Process: /counter_sim/stimulus  File: C:/BSUIR/7semestr/apcu/lab3/lab2/lab2.srcs/sim_1/new/counter_sim.vhd
Note: Значение NOT_RCO должно быть : 'U'
Time: 240 ns  Iteration: 0  Process: /counter_sim/stimulus  File: C:/BSUIR/7semestr/apcu/lab3/lab2/lab2.srcs/sim_1/new/counter_sim.vhd
Error: Ошибка: NOT_RCO не соответствует ожидаемому значению
Time: 250 ns  Iteration: 0  Process: /counter_sim/stimulus  File: C:/BSUIR/7semestr/apcu/lab3/lab2/lab2.srcs/sim_1/new/counter_sim.vhd
Note: Значение NOT_RCO должно быть : 'U'
Time: 250 ns  Iteration: 0  Process: /counter_sim/stimulus  File: C:/BSUIR/7semestr/apcu/lab3/lab2/lab2.srcs/sim_1/new/counter_sim.vhd
Error: Ошибка: NOT_RCO не соответствует ожидаемому значению
Time: 260 ns  Iteration: 0  Process: /counter_sim/stimulus  File: C:/BSUIR/7semestr/apcu/lab3/lab2/lab2.srcs/sim_1/new/counter_sim.vhd
Note: Значение NOT_RCO должно быть : 'U'
Time: 260 ns  Iteration: 0  Process: /counter_sim/stimulus  File: C:/BSUIR/7semestr/apcu/lab3/lab2/lab2.srcs/sim_1/new/counter_sim.vhd
Error: Ошибка: NOT_RCO не соответствует ожидаемому значению
Time: 270 ns  Iteration: 0  Process: /counter_sim/stimulus  File: C:/BSUIR/7semestr/apcu/lab3/lab2/lab2.srcs/sim_1/new/counter_sim.vhd
Note: Значение NOT_RCO должно быть : 'U'
Time: 270 ns  Iteration: 0  Process: /counter_sim/stimulus  File: C:/BSUIR/7semestr/apcu/lab3/lab2/lab2.srcs/sim_1/new/counter_sim.vhd
Error: Ошибка: NOT_RCO не соответствует ожидаемому значению
Time: 280 ns  Iteration: 0  Process: /counter_sim/stimulus  File: C:/BSUIR/7semestr/apcu/lab3/lab2/lab2.srcs/sim_1/new/counter_sim.vhd
Note: Значение NOT_RCO должно быть : 'U'
Time: 280 ns  Iteration: 0  Process: /counter_sim/stimulus  File: C:/BSUIR/7semestr/apcu/lab3/lab2/lab2.srcs/sim_1/new/counter_sim.vhd
Error: Ошибка: NOT_RCO не соответствует ожидаемому значению
Time: 290 ns  Iteration: 0  Process: /counter_sim/stimulus  File: C:/BSUIR/7semestr/apcu/lab3/lab2/lab2.srcs/sim_1/new/counter_sim.vhd
Note: Значение NOT_RCO должно быть : 'U'
Time: 290 ns  Iteration: 0  Process: /counter_sim/stimulus  File: C:/BSUIR/7semestr/apcu/lab3/lab2/lab2.srcs/sim_1/new/counter_sim.vhd
Error: Ошибка: NOT_RCO не соответствует ожидаемому значению
Time: 300 ns  Iteration: 0  Process: /counter_sim/stimulus  File: C:/BSUIR/7semestr/apcu/lab3/lab2/lab2.srcs/sim_1/new/counter_sim.vhd
Note: Значение NOT_RCO должно быть : 'U'
Time: 300 ns  Iteration: 0  Process: /counter_sim/stimulus  File: C:/BSUIR/7semestr/apcu/lab3/lab2/lab2.srcs/sim_1/new/counter_sim.vhd
Error: Ошибка: NOT_RCO не соответствует ожидаемому значению
Time: 310 ns  Iteration: 0  Process: /counter_sim/stimulus  File: C:/BSUIR/7semestr/apcu/lab3/lab2/lab2.srcs/sim_1/new/counter_sim.vhd
Note: Значение NOT_RCO должно быть : 'U'
Time: 310 ns  Iteration: 0  Process: /counter_sim/stimulus  File: C:/BSUIR/7semestr/apcu/lab3/lab2/lab2.srcs/sim_1/new/counter_sim.vhd
Error: Ошибка: NOT_RCO не соответствует ожидаемому значению
Time: 320 ns  Iteration: 0  Process: /counter_sim/stimulus  File: C:/BSUIR/7semestr/apcu/lab3/lab2/lab2.srcs/sim_1/new/counter_sim.vhd
Note: Значение NOT_RCO должно быть : 'U'
Time: 320 ns  Iteration: 0  Process: /counter_sim/stimulus  File: C:/BSUIR/7semestr/apcu/lab3/lab2/lab2.srcs/sim_1/new/counter_sim.vhd
Error: Ошибка: NOT_RCO не соответствует ожидаемому значению
Time: 330 ns  Iteration: 0  Process: /counter_sim/stimulus  File: C:/BSUIR/7semestr/apcu/lab3/lab2/lab2.srcs/sim_1/new/counter_sim.vhd
Note: Значение NOT_RCO должно быть : 'U'
Time: 330 ns  Iteration: 0  Process: /counter_sim/stimulus  File: C:/BSUIR/7semestr/apcu/lab3/lab2/lab2.srcs/sim_1/new/counter_sim.vhd
Error: Ошибка: NOT_RCO не соответствует ожидаемому значению
Time: 340 ns  Iteration: 0  Process: /counter_sim/stimulus  File: C:/BSUIR/7semestr/apcu/lab3/lab2/lab2.srcs/sim_1/new/counter_sim.vhd
Note: Значение NOT_RCO должно быть : 'U'
Time: 340 ns  Iteration: 0  Process: /counter_sim/stimulus  File: C:/BSUIR/7semestr/apcu/lab3/lab2/lab2.srcs/sim_1/new/counter_sim.vhd
Error: Ошибка: NOT_RCO не соответствует ожидаемому значению
Time: 350 ns  Iteration: 0  Process: /counter_sim/stimulus  File: C:/BSUIR/7semestr/apcu/lab3/lab2/lab2.srcs/sim_1/new/counter_sim.vhd
Note: Значение NOT_RCO должно быть : 'U'
Time: 350 ns  Iteration: 0  Process: /counter_sim/stimulus  File: C:/BSUIR/7semestr/apcu/lab3/lab2/lab2.srcs/sim_1/new/counter_sim.vhd
Error: Ошибка: NOT_RCO не соответствует ожидаемому значению
Time: 360 ns  Iteration: 0  Process: /counter_sim/stimulus  File: C:/BSUIR/7semestr/apcu/lab3/lab2/lab2.srcs/sim_1/new/counter_sim.vhd
Note: Значение NOT_RCO должно быть : 'U'
Time: 360 ns  Iteration: 0  Process: /counter_sim/stimulus  File: C:/BSUIR/7semestr/apcu/lab3/lab2/lab2.srcs/sim_1/new/counter_sim.vhd
Error: Ошибка: NOT_RCO не соответствует ожидаемому значению
Time: 370 ns  Iteration: 0  Process: /counter_sim/stimulus  File: C:/BSUIR/7semestr/apcu/lab3/lab2/lab2.srcs/sim_1/new/counter_sim.vhd
Note: Значение NOT_RCO должно быть : 'U'
Time: 370 ns  Iteration: 0  Process: /counter_sim/stimulus  File: C:/BSUIR/7semestr/apcu/lab3/lab2/lab2.srcs/sim_1/new/counter_sim.vhd
Error: Ошибка: NOT_RCO не соответствует ожидаемому значению
Time: 380 ns  Iteration: 0  Process: /counter_sim/stimulus  File: C:/BSUIR/7semestr/apcu/lab3/lab2/lab2.srcs/sim_1/new/counter_sim.vhd
Note: Значение NOT_RCO должно быть : 'U'
Time: 380 ns  Iteration: 0  Process: /counter_sim/stimulus  File: C:/BSUIR/7semestr/apcu/lab3/lab2/lab2.srcs/sim_1/new/counter_sim.vhd
Error: Ошибка: NOT_RCO не соответствует ожидаемому значению
Time: 390 ns  Iteration: 0  Process: /counter_sim/stimulus  File: C:/BSUIR/7semestr/apcu/lab3/lab2/lab2.srcs/sim_1/new/counter_sim.vhd
Note: Значение NOT_RCO должно быть : 'U'
Time: 390 ns  Iteration: 0  Process: /counter_sim/stimulus  File: C:/BSUIR/7semestr/apcu/lab3/lab2/lab2.srcs/sim_1/new/counter_sim.vhd
Error: Ошибка: NOT_RCO не соответствует ожидаемому значению
Time: 400 ns  Iteration: 0  Process: /counter_sim/stimulus  File: C:/BSUIR/7semestr/apcu/lab3/lab2/lab2.srcs/sim_1/new/counter_sim.vhd
Note: Значение NOT_RCO должно быть : 'U'
Time: 400 ns  Iteration: 0  Process: /counter_sim/stimulus  File: C:/BSUIR/7semestr/apcu/lab3/lab2/lab2.srcs/sim_1/new/counter_sim.vhd
Error: Ошибка: NOT_RCO не соответствует ожидаемому значению
Time: 410 ns  Iteration: 0  Process: /counter_sim/stimulus  File: C:/BSUIR/7semestr/apcu/lab3/lab2/lab2.srcs/sim_1/new/counter_sim.vhd
Note: Значение NOT_RCO должно быть : 'U'
Time: 410 ns  Iteration: 0  Process: /counter_sim/stimulus  File: C:/BSUIR/7semestr/apcu/lab3/lab2/lab2.srcs/sim_1/new/counter_sim.vhd
Error: Ошибка: NOT_RCO не соответствует ожидаемому значению
Time: 420 ns  Iteration: 0  Process: /counter_sim/stimulus  File: C:/BSUIR/7semestr/apcu/lab3/lab2/lab2.srcs/sim_1/new/counter_sim.vhd
Note: Значение NOT_RCO должно быть : 'U'
Time: 420 ns  Iteration: 0  Process: /counter_sim/stimulus  File: C:/BSUIR/7semestr/apcu/lab3/lab2/lab2.srcs/sim_1/new/counter_sim.vhd
Error: Ошибка: NOT_RCO не соответствует ожидаемому значению
Time: 430 ns  Iteration: 0  Process: /counter_sim/stimulus  File: C:/BSUIR/7semestr/apcu/lab3/lab2/lab2.srcs/sim_1/new/counter_sim.vhd
Note: Значение NOT_RCO должно быть : 'U'
Time: 430 ns  Iteration: 0  Process: /counter_sim/stimulus  File: C:/BSUIR/7semestr/apcu/lab3/lab2/lab2.srcs/sim_1/new/counter_sim.vhd
Error: Ошибка: NOT_RCO не соответствует ожидаемому значению
Time: 440 ns  Iteration: 0  Process: /counter_sim/stimulus  File: C:/BSUIR/7semestr/apcu/lab3/lab2/lab2.srcs/sim_1/new/counter_sim.vhd
Note: Значение NOT_RCO должно быть : 'U'
Time: 440 ns  Iteration: 0  Process: /counter_sim/stimulus  File: C:/BSUIR/7semestr/apcu/lab3/lab2/lab2.srcs/sim_1/new/counter_sim.vhd
Error: Ошибка: NOT_RCO не соответствует ожидаемому значению
Time: 450 ns  Iteration: 0  Process: /counter_sim/stimulus  File: C:/BSUIR/7semestr/apcu/lab3/lab2/lab2.srcs/sim_1/new/counter_sim.vhd
Note: Значение NOT_RCO должно быть : 'U'
Time: 450 ns  Iteration: 0  Process: /counter_sim/stimulus  File: C:/BSUIR/7semestr/apcu/lab3/lab2/lab2.srcs/sim_1/new/counter_sim.vhd
Error: Ошибка: NOT_RCO не соответствует ожидаемому значению
Time: 460 ns  Iteration: 0  Process: /counter_sim/stimulus  File: C:/BSUIR/7semestr/apcu/lab3/lab2/lab2.srcs/sim_1/new/counter_sim.vhd
Note: Значение NOT_RCO должно быть : 'U'
Time: 460 ns  Iteration: 0  Process: /counter_sim/stimulus  File: C:/BSUIR/7semestr/apcu/lab3/lab2/lab2.srcs/sim_1/new/counter_sim.vhd
Error: Ошибка: NOT_RCO не соответствует ожидаемому значению
Time: 470 ns  Iteration: 0  Process: /counter_sim/stimulus  File: C:/BSUIR/7semestr/apcu/lab3/lab2/lab2.srcs/sim_1/new/counter_sim.vhd
Note: Значение NOT_RCO должно быть : 'U'
Time: 470 ns  Iteration: 0  Process: /counter_sim/stimulus  File: C:/BSUIR/7semestr/apcu/lab3/lab2/lab2.srcs/sim_1/new/counter_sim.vhd
Error: Ошибка: NOT_RCO не соответствует ожидаемому значению
Time: 480 ns  Iteration: 0  Process: /counter_sim/stimulus  File: C:/BSUIR/7semestr/apcu/lab3/lab2/lab2.srcs/sim_1/new/counter_sim.vhd
Note: Значение NOT_RCO должно быть : 'U'
Time: 480 ns  Iteration: 0  Process: /counter_sim/stimulus  File: C:/BSUIR/7semestr/apcu/lab3/lab2/lab2.srcs/sim_1/new/counter_sim.vhd
Error: Ошибка: NOT_RCO не соответствует ожидаемому значению
Time: 490 ns  Iteration: 0  Process: /counter_sim/stimulus  File: C:/BSUIR/7semestr/apcu/lab3/lab2/lab2.srcs/sim_1/new/counter_sim.vhd
Note: Значение NOT_RCO должно быть : 'U'
Time: 490 ns  Iteration: 0  Process: /counter_sim/stimulus  File: C:/BSUIR/7semestr/apcu/lab3/lab2/lab2.srcs/sim_1/new/counter_sim.vhd
Error: Ошибка: NOT_RCO не соответствует ожидаемому значению
Time: 500 ns  Iteration: 0  Process: /counter_sim/stimulus  File: C:/BSUIR/7semestr/apcu/lab3/lab2/lab2.srcs/sim_1/new/counter_sim.vhd
Note: Значение NOT_RCO должно быть : 'U'
Time: 500 ns  Iteration: 0  Process: /counter_sim/stimulus  File: C:/BSUIR/7semestr/apcu/lab3/lab2/lab2.srcs/sim_1/new/counter_sim.vhd
Error: Ошибка: NOT_RCO не соответствует ожидаемому значению
Time: 510 ns  Iteration: 0  Process: /counter_sim/stimulus  File: C:/BSUIR/7semestr/apcu/lab3/lab2/lab2.srcs/sim_1/new/counter_sim.vhd
Note: Значение NOT_RCO должно быть : 'U'
Time: 510 ns  Iteration: 0  Process: /counter_sim/stimulus  File: C:/BSUIR/7semestr/apcu/lab3/lab2/lab2.srcs/sim_1/new/counter_sim.vhd
Error: Ошибка: NOT_RCO не соответствует ожидаемому значению
Time: 520 ns  Iteration: 0  Process: /counter_sim/stimulus  File: C:/BSUIR/7semestr/apcu/lab3/lab2/lab2.srcs/sim_1/new/counter_sim.vhd
Note: Значение NOT_RCO должно быть : 'U'
Time: 520 ns  Iteration: 0  Process: /counter_sim/stimulus  File: C:/BSUIR/7semestr/apcu/lab3/lab2/lab2.srcs/sim_1/new/counter_sim.vhd
Error: Ошибка: NOT_RCO не соответствует ожидаемому значению
Time: 530 ns  Iteration: 0  Process: /counter_sim/stimulus  File: C:/BSUIR/7semestr/apcu/lab3/lab2/lab2.srcs/sim_1/new/counter_sim.vhd
Note: Значение NOT_RCO должно быть : 'U'
Time: 530 ns  Iteration: 0  Process: /counter_sim/stimulus  File: C:/BSUIR/7semestr/apcu/lab3/lab2/lab2.srcs/sim_1/new/counter_sim.vhd
Error: Ошибка: NOT_RCO не соответствует ожидаемому значению
Time: 540 ns  Iteration: 0  Process: /counter_sim/stimulus  File: C:/BSUIR/7semestr/apcu/lab3/lab2/lab2.srcs/sim_1/new/counter_sim.vhd
Note: Значение NOT_RCO должно быть : 'U'
Time: 540 ns  Iteration: 0  Process: /counter_sim/stimulus  File: C:/BSUIR/7semestr/apcu/lab3/lab2/lab2.srcs/sim_1/new/counter_sim.vhd
Error: Ошибка: NOT_RCO не соответствует ожидаемому значению
Time: 550 ns  Iteration: 0  Process: /counter_sim/stimulus  File: C:/BSUIR/7semestr/apcu/lab3/lab2/lab2.srcs/sim_1/new/counter_sim.vhd
Note: Значение NOT_RCO должно быть : 'U'
Time: 550 ns  Iteration: 0  Process: /counter_sim/stimulus  File: C:/BSUIR/7semestr/apcu/lab3/lab2/lab2.srcs/sim_1/new/counter_sim.vhd
Error: Ошибка: NOT_RCO не соответствует ожидаемому значению
Time: 560 ns  Iteration: 0  Process: /counter_sim/stimulus  File: C:/BSUIR/7semestr/apcu/lab3/lab2/lab2.srcs/sim_1/new/counter_sim.vhd
Note: Значение NOT_RCO должно быть : 'U'
Time: 560 ns  Iteration: 0  Process: /counter_sim/stimulus  File: C:/BSUIR/7semestr/apcu/lab3/lab2/lab2.srcs/sim_1/new/counter_sim.vhd
Error: Ошибка: NOT_RCO не соответствует ожидаемому значению
Time: 570 ns  Iteration: 0  Process: /counter_sim/stimulus  File: C:/BSUIR/7semestr/apcu/lab3/lab2/lab2.srcs/sim_1/new/counter_sim.vhd
Note: Значение NOT_RCO должно быть : 'U'
Time: 570 ns  Iteration: 0  Process: /counter_sim/stimulus  File: C:/BSUIR/7semestr/apcu/lab3/lab2/lab2.srcs/sim_1/new/counter_sim.vhd
Error: Ошибка: NOT_RCO не соответствует ожидаемому значению
Time: 580 ns  Iteration: 0  Process: /counter_sim/stimulus  File: C:/BSUIR/7semestr/apcu/lab3/lab2/lab2.srcs/sim_1/new/counter_sim.vhd
Note: Значение NOT_RCO должно быть : 'U'
Time: 580 ns  Iteration: 0  Process: /counter_sim/stimulus  File: C:/BSUIR/7semestr/apcu/lab3/lab2/lab2.srcs/sim_1/new/counter_sim.vhd
Error: Ошибка: NOT_RCO не соответствует ожидаемому значению
Time: 590 ns  Iteration: 0  Process: /counter_sim/stimulus  File: C:/BSUIR/7semestr/apcu/lab3/lab2/lab2.srcs/sim_1/new/counter_sim.vhd
Note: Значение NOT_RCO должно быть : 'U'
Time: 590 ns  Iteration: 0  Process: /counter_sim/stimulus  File: C:/BSUIR/7semestr/apcu/lab3/lab2/lab2.srcs/sim_1/new/counter_sim.vhd
Error: Ошибка: NOT_RCO не соответствует ожидаемому значению
Time: 600 ns  Iteration: 0  Process: /counter_sim/stimulus  File: C:/BSUIR/7semestr/apcu/lab3/lab2/lab2.srcs/sim_1/new/counter_sim.vhd
Note: Значение NOT_RCO должно быть : 'U'
Time: 600 ns  Iteration: 0  Process: /counter_sim/stimulus  File: C:/BSUIR/7semestr/apcu/lab3/lab2/lab2.srcs/sim_1/new/counter_sim.vhd
Error: Ошибка: NOT_RCO не соответствует ожидаемому значению
Time: 610 ns  Iteration: 0  Process: /counter_sim/stimulus  File: C:/BSUIR/7semestr/apcu/lab3/lab2/lab2.srcs/sim_1/new/counter_sim.vhd
Note: Значение NOT_RCO должно быть : 'U'
Time: 610 ns  Iteration: 0  Process: /counter_sim/stimulus  File: C:/BSUIR/7semestr/apcu/lab3/lab2/lab2.srcs/sim_1/new/counter_sim.vhd
Error: Ошибка: NOT_RCO не соответствует ожидаемому значению
Time: 620 ns  Iteration: 0  Process: /counter_sim/stimulus  File: C:/BSUIR/7semestr/apcu/lab3/lab2/lab2.srcs/sim_1/new/counter_sim.vhd
Note: Значение NOT_RCO должно быть : 'U'
Time: 620 ns  Iteration: 0  Process: /counter_sim/stimulus  File: C:/BSUIR/7semestr/apcu/lab3/lab2/lab2.srcs/sim_1/new/counter_sim.vhd
Error: Ошибка: NOT_RCO не соответствует ожидаемому значению
Time: 630 ns  Iteration: 0  Process: /counter_sim/stimulus  File: C:/BSUIR/7semestr/apcu/lab3/lab2/lab2.srcs/sim_1/new/counter_sim.vhd
Note: Значение NOT_RCO должно быть : 'U'
Time: 630 ns  Iteration: 0  Process: /counter_sim/stimulus  File: C:/BSUIR/7semestr/apcu/lab3/lab2/lab2.srcs/sim_1/new/counter_sim.vhd
Error: Ошибка: NOT_RCO не соответствует ожидаемому значению
Time: 640 ns  Iteration: 0  Process: /counter_sim/stimulus  File: C:/BSUIR/7semestr/apcu/lab3/lab2/lab2.srcs/sim_1/new/counter_sim.vhd
Note: Значение NOT_RCO должно быть : 'U'
Time: 640 ns  Iteration: 0  Process: /counter_sim/stimulus  File: C:/BSUIR/7semestr/apcu/lab3/lab2/lab2.srcs/sim_1/new/counter_sim.vhd
Error: Ошибка: NOT_RCO не соответствует ожидаемому значению
Time: 650 ns  Iteration: 0  Process: /counter_sim/stimulus  File: C:/BSUIR/7semestr/apcu/lab3/lab2/lab2.srcs/sim_1/new/counter_sim.vhd
Note: Значение NOT_RCO должно быть : 'U'
Time: 650 ns  Iteration: 0  Process: /counter_sim/stimulus  File: C:/BSUIR/7semestr/apcu/lab3/lab2/lab2.srcs/sim_1/new/counter_sim.vhd
Error: Ошибка: NOT_RCO не соответствует ожидаемому значению
Time: 660 ns  Iteration: 0  Process: /counter_sim/stimulus  File: C:/BSUIR/7semestr/apcu/lab3/lab2/lab2.srcs/sim_1/new/counter_sim.vhd
Note: Значение NOT_RCO должно быть : 'U'
Time: 660 ns  Iteration: 0  Process: /counter_sim/stimulus  File: C:/BSUIR/7semestr/apcu/lab3/lab2/lab2.srcs/sim_1/new/counter_sim.vhd
Error: Ошибка: NOT_RCO не соответствует ожидаемому значению
Time: 670 ns  Iteration: 0  Process: /counter_sim/stimulus  File: C:/BSUIR/7semestr/apcu/lab3/lab2/lab2.srcs/sim_1/new/counter_sim.vhd
Note: Значение NOT_RCO должно быть : 'U'
Time: 670 ns  Iteration: 0  Process: /counter_sim/stimulus  File: C:/BSUIR/7semestr/apcu/lab3/lab2/lab2.srcs/sim_1/new/counter_sim.vhd
Error: Ошибка: NOT_RCO не соответствует ожидаемому значению
Time: 680 ns  Iteration: 0  Process: /counter_sim/stimulus  File: C:/BSUIR/7semestr/apcu/lab3/lab2/lab2.srcs/sim_1/new/counter_sim.vhd
Note: Значение NOT_RCO должно быть : 'U'
Time: 680 ns  Iteration: 0  Process: /counter_sim/stimulus  File: C:/BSUIR/7semestr/apcu/lab3/lab2/lab2.srcs/sim_1/new/counter_sim.vhd
Error: Ошибка: NOT_RCO не соответствует ожидаемому значению
Time: 690 ns  Iteration: 0  Process: /counter_sim/stimulus  File: C:/BSUIR/7semestr/apcu/lab3/lab2/lab2.srcs/sim_1/new/counter_sim.vhd
Note: Значение NOT_RCO должно быть : 'U'
Time: 690 ns  Iteration: 0  Process: /counter_sim/stimulus  File: C:/BSUIR/7semestr/apcu/lab3/lab2/lab2.srcs/sim_1/new/counter_sim.vhd
Error: Ошибка: NOT_RCO не соответствует ожидаемому значению
Time: 700 ns  Iteration: 0  Process: /counter_sim/stimulus  File: C:/BSUIR/7semestr/apcu/lab3/lab2/lab2.srcs/sim_1/new/counter_sim.vhd
Note: Значение NOT_RCO должно быть : 'U'
Time: 700 ns  Iteration: 0  Process: /counter_sim/stimulus  File: C:/BSUIR/7semestr/apcu/lab3/lab2/lab2.srcs/sim_1/new/counter_sim.vhd
Error: Ошибка: NOT_RCO не соответствует ожидаемому значению
Time: 710 ns  Iteration: 0  Process: /counter_sim/stimulus  File: C:/BSUIR/7semestr/apcu/lab3/lab2/lab2.srcs/sim_1/new/counter_sim.vhd
Note: Значение NOT_RCO должно быть : 'U'
Time: 710 ns  Iteration: 0  Process: /counter_sim/stimulus  File: C:/BSUIR/7semestr/apcu/lab3/lab2/lab2.srcs/sim_1/new/counter_sim.vhd
Error: Ошибка: NOT_RCO не соответствует ожидаемому значению
Time: 720 ns  Iteration: 0  Process: /counter_sim/stimulus  File: C:/BSUIR/7semestr/apcu/lab3/lab2/lab2.srcs/sim_1/new/counter_sim.vhd
Note: Значение NOT_RCO должно быть : 'U'
Time: 720 ns  Iteration: 0  Process: /counter_sim/stimulus  File: C:/BSUIR/7semestr/apcu/lab3/lab2/lab2.srcs/sim_1/new/counter_sim.vhd
Error: Ошибка: NOT_RCO не соответствует ожидаемому значению
Time: 730 ns  Iteration: 0  Process: /counter_sim/stimulus  File: C:/BSUIR/7semestr/apcu/lab3/lab2/lab2.srcs/sim_1/new/counter_sim.vhd
Note: Значение NOT_RCO должно быть : 'U'
Time: 730 ns  Iteration: 0  Process: /counter_sim/stimulus  File: C:/BSUIR/7semestr/apcu/lab3/lab2/lab2.srcs/sim_1/new/counter_sim.vhd
Error: Ошибка: NOT_RCO не соответствует ожидаемому значению
Time: 740 ns  Iteration: 0  Process: /counter_sim/stimulus  File: C:/BSUIR/7semestr/apcu/lab3/lab2/lab2.srcs/sim_1/new/counter_sim.vhd
Note: Значение NOT_RCO должно быть : 'U'
Time: 740 ns  Iteration: 0  Process: /counter_sim/stimulus  File: C:/BSUIR/7semestr/apcu/lab3/lab2/lab2.srcs/sim_1/new/counter_sim.vhd
Error: Ошибка: NOT_RCO не соответствует ожидаемому значению
Time: 750 ns  Iteration: 0  Process: /counter_sim/stimulus  File: C:/BSUIR/7semestr/apcu/lab3/lab2/lab2.srcs/sim_1/new/counter_sim.vhd
Note: Значение NOT_RCO должно быть : 'U'
Time: 750 ns  Iteration: 0  Process: /counter_sim/stimulus  File: C:/BSUIR/7semestr/apcu/lab3/lab2/lab2.srcs/sim_1/new/counter_sim.vhd
Error: Ошибка: NOT_RCO не соответствует ожидаемому значению
Time: 760 ns  Iteration: 0  Process: /counter_sim/stimulus  File: C:/BSUIR/7semestr/apcu/lab3/lab2/lab2.srcs/sim_1/new/counter_sim.vhd
Note: Значение NOT_RCO должно быть : 'U'
Time: 760 ns  Iteration: 0  Process: /counter_sim/stimulus  File: C:/BSUIR/7semestr/apcu/lab3/lab2/lab2.srcs/sim_1/new/counter_sim.vhd
Error: Ошибка: NOT_RCO не соответствует ожидаемому значению
Time: 770 ns  Iteration: 0  Process: /counter_sim/stimulus  File: C:/BSUIR/7semestr/apcu/lab3/lab2/lab2.srcs/sim_1/new/counter_sim.vhd
Note: Значение NOT_RCO должно быть : 'U'
Time: 770 ns  Iteration: 0  Process: /counter_sim/stimulus  File: C:/BSUIR/7semestr/apcu/lab3/lab2/lab2.srcs/sim_1/new/counter_sim.vhd
Error: Ошибка: NOT_RCO не соответствует ожидаемому значению
Time: 780 ns  Iteration: 0  Process: /counter_sim/stimulus  File: C:/BSUIR/7semestr/apcu/lab3/lab2/lab2.srcs/sim_1/new/counter_sim.vhd
Note: Значение NOT_RCO должно быть : 'U'
Time: 780 ns  Iteration: 0  Process: /counter_sim/stimulus  File: C:/BSUIR/7semestr/apcu/lab3/lab2/lab2.srcs/sim_1/new/counter_sim.vhd
Error: Ошибка: NOT_RCO не соответствует ожидаемому значению
Time: 790 ns  Iteration: 0  Process: /counter_sim/stimulus  File: C:/BSUIR/7semestr/apcu/lab3/lab2/lab2.srcs/sim_1/new/counter_sim.vhd
Note: Значение NOT_RCO должно быть : 'U'
Time: 790 ns  Iteration: 0  Process: /counter_sim/stimulus  File: C:/BSUIR/7semestr/apcu/lab3/lab2/lab2.srcs/sim_1/new/counter_sim.vhd
Error: Ошибка: NOT_RCO не соответствует ожидаемому значению
Time: 800 ns  Iteration: 0  Process: /counter_sim/stimulus  File: C:/BSUIR/7semestr/apcu/lab3/lab2/lab2.srcs/sim_1/new/counter_sim.vhd
Note: Значение NOT_RCO должно быть : 'U'
Time: 800 ns  Iteration: 0  Process: /counter_sim/stimulus  File: C:/BSUIR/7semestr/apcu/lab3/lab2/lab2.srcs/sim_1/new/counter_sim.vhd
Error: Ошибка: NOT_RCO не соответствует ожидаемому значению
Time: 810 ns  Iteration: 0  Process: /counter_sim/stimulus  File: C:/BSUIR/7semestr/apcu/lab3/lab2/lab2.srcs/sim_1/new/counter_sim.vhd
Note: Значение NOT_RCO должно быть : 'U'
Time: 810 ns  Iteration: 0  Process: /counter_sim/stimulus  File: C:/BSUIR/7semestr/apcu/lab3/lab2/lab2.srcs/sim_1/new/counter_sim.vhd
Error: Ошибка: NOT_RCO не соответствует ожидаемому значению
Time: 820 ns  Iteration: 0  Process: /counter_sim/stimulus  File: C:/BSUIR/7semestr/apcu/lab3/lab2/lab2.srcs/sim_1/new/counter_sim.vhd
Note: Значение NOT_RCO должно быть : 'U'
Time: 820 ns  Iteration: 0  Process: /counter_sim/stimulus  File: C:/BSUIR/7semestr/apcu/lab3/lab2/lab2.srcs/sim_1/new/counter_sim.vhd
Error: Ошибка: NOT_RCO не соответствует ожидаемому значению
Time: 830 ns  Iteration: 0  Process: /counter_sim/stimulus  File: C:/BSUIR/7semestr/apcu/lab3/lab2/lab2.srcs/sim_1/new/counter_sim.vhd
Note: Значение NOT_RCO должно быть : 'U'
Time: 830 ns  Iteration: 0  Process: /counter_sim/stimulus  File: C:/BSUIR/7semestr/apcu/lab3/lab2/lab2.srcs/sim_1/new/counter_sim.vhd
Error: Ошибка: NOT_RCO не соответствует ожидаемому значению
Time: 840 ns  Iteration: 0  Process: /counter_sim/stimulus  File: C:/BSUIR/7semestr/apcu/lab3/lab2/lab2.srcs/sim_1/new/counter_sim.vhd
Note: Значение NOT_RCO должно быть : 'U'
Time: 840 ns  Iteration: 0  Process: /counter_sim/stimulus  File: C:/BSUIR/7semestr/apcu/lab3/lab2/lab2.srcs/sim_1/new/counter_sim.vhd
Error: Ошибка: NOT_RCO не соответствует ожидаемому значению
Time: 850 ns  Iteration: 0  Process: /counter_sim/stimulus  File: C:/BSUIR/7semestr/apcu/lab3/lab2/lab2.srcs/sim_1/new/counter_sim.vhd
Note: Значение NOT_RCO должно быть : 'U'
Time: 850 ns  Iteration: 0  Process: /counter_sim/stimulus  File: C:/BSUIR/7semestr/apcu/lab3/lab2/lab2.srcs/sim_1/new/counter_sim.vhd
Error: Ошибка: NOT_RCO не соответствует ожидаемому значению
Time: 860 ns  Iteration: 0  Process: /counter_sim/stimulus  File: C:/BSUIR/7semestr/apcu/lab3/lab2/lab2.srcs/sim_1/new/counter_sim.vhd
Note: Значение NOT_RCO должно быть : 'U'
Time: 860 ns  Iteration: 0  Process: /counter_sim/stimulus  File: C:/BSUIR/7semestr/apcu/lab3/lab2/lab2.srcs/sim_1/new/counter_sim.vhd
Error: Ошибка: NOT_RCO не соответствует ожидаемому значению
Time: 870 ns  Iteration: 0  Process: /counter_sim/stimulus  File: C:/BSUIR/7semestr/apcu/lab3/lab2/lab2.srcs/sim_1/new/counter_sim.vhd
Note: Значение NOT_RCO должно быть : 'U'
Time: 870 ns  Iteration: 0  Process: /counter_sim/stimulus  File: C:/BSUIR/7semestr/apcu/lab3/lab2/lab2.srcs/sim_1/new/counter_sim.vhd
Error: Ошибка: NOT_RCO не соответствует ожидаемому значению
Time: 880 ns  Iteration: 0  Process: /counter_sim/stimulus  File: C:/BSUIR/7semestr/apcu/lab3/lab2/lab2.srcs/sim_1/new/counter_sim.vhd
Note: Значение NOT_RCO должно быть : 'U'
Time: 880 ns  Iteration: 0  Process: /counter_sim/stimulus  File: C:/BSUIR/7semestr/apcu/lab3/lab2/lab2.srcs/sim_1/new/counter_sim.vhd
Error: Ошибка: NOT_RCO не соответствует ожидаемому значению
Time: 890 ns  Iteration: 0  Process: /counter_sim/stimulus  File: C:/BSUIR/7semestr/apcu/lab3/lab2/lab2.srcs/sim_1/new/counter_sim.vhd
Note: Значение NOT_RCO должно быть : 'U'
Time: 890 ns  Iteration: 0  Process: /counter_sim/stimulus  File: C:/BSUIR/7semestr/apcu/lab3/lab2/lab2.srcs/sim_1/new/counter_sim.vhd
Error: Ошибка: NOT_RCO не соответствует ожидаемому значению
Time: 900 ns  Iteration: 0  Process: /counter_sim/stimulus  File: C:/BSUIR/7semestr/apcu/lab3/lab2/lab2.srcs/sim_1/new/counter_sim.vhd
Note: Значение NOT_RCO должно быть : 'U'
Time: 900 ns  Iteration: 0  Process: /counter_sim/stimulus  File: C:/BSUIR/7semestr/apcu/lab3/lab2/lab2.srcs/sim_1/new/counter_sim.vhd
Error: Ошибка: NOT_RCO не соответствует ожидаемому значению
Time: 910 ns  Iteration: 0  Process: /counter_sim/stimulus  File: C:/BSUIR/7semestr/apcu/lab3/lab2/lab2.srcs/sim_1/new/counter_sim.vhd
Note: Значение NOT_RCO должно быть : 'U'
Time: 910 ns  Iteration: 0  Process: /counter_sim/stimulus  File: C:/BSUIR/7semestr/apcu/lab3/lab2/lab2.srcs/sim_1/new/counter_sim.vhd
Error: Ошибка: NOT_RCO не соответствует ожидаемому значению
Time: 920 ns  Iteration: 0  Process: /counter_sim/stimulus  File: C:/BSUIR/7semestr/apcu/lab3/lab2/lab2.srcs/sim_1/new/counter_sim.vhd
Note: Значение NOT_RCO должно быть : 'U'
Time: 920 ns  Iteration: 0  Process: /counter_sim/stimulus  File: C:/BSUIR/7semestr/apcu/lab3/lab2/lab2.srcs/sim_1/new/counter_sim.vhd
Error: Ошибка: NOT_RCO не соответствует ожидаемому значению
Time: 930 ns  Iteration: 0  Process: /counter_sim/stimulus  File: C:/BSUIR/7semestr/apcu/lab3/lab2/lab2.srcs/sim_1/new/counter_sim.vhd
Note: Значение NOT_RCO должно быть : 'U'
Time: 930 ns  Iteration: 0  Process: /counter_sim/stimulus  File: C:/BSUIR/7semestr/apcu/lab3/lab2/lab2.srcs/sim_1/new/counter_sim.vhd
Error: Ошибка: NOT_RCO не соответствует ожидаемому значению
Time: 940 ns  Iteration: 0  Process: /counter_sim/stimulus  File: C:/BSUIR/7semestr/apcu/lab3/lab2/lab2.srcs/sim_1/new/counter_sim.vhd
Note: Значение NOT_RCO должно быть : 'U'
Time: 940 ns  Iteration: 0  Process: /counter_sim/stimulus  File: C:/BSUIR/7semestr/apcu/lab3/lab2/lab2.srcs/sim_1/new/counter_sim.vhd
Error: Ошибка: NOT_RCO не соответствует ожидаемому значению
Time: 950 ns  Iteration: 0  Process: /counter_sim/stimulus  File: C:/BSUIR/7semestr/apcu/lab3/lab2/lab2.srcs/sim_1/new/counter_sim.vhd
Note: Значение NOT_RCO должно быть : 'U'
Time: 950 ns  Iteration: 0  Process: /counter_sim/stimulus  File: C:/BSUIR/7semestr/apcu/lab3/lab2/lab2.srcs/sim_1/new/counter_sim.vhd
Error: Ошибка: NOT_RCO не соответствует ожидаемому значению
Time: 960 ns  Iteration: 0  Process: /counter_sim/stimulus  File: C:/BSUIR/7semestr/apcu/lab3/lab2/lab2.srcs/sim_1/new/counter_sim.vhd
Note: Значение NOT_RCO должно быть : 'U'
Time: 960 ns  Iteration: 0  Process: /counter_sim/stimulus  File: C:/BSUIR/7semestr/apcu/lab3/lab2/lab2.srcs/sim_1/new/counter_sim.vhd
Error: Ошибка: NOT_RCO не соответствует ожидаемому значению
Time: 970 ns  Iteration: 0  Process: /counter_sim/stimulus  File: C:/BSUIR/7semestr/apcu/lab3/lab2/lab2.srcs/sim_1/new/counter_sim.vhd
Note: Значение NOT_RCO должно быть : 'U'
Time: 970 ns  Iteration: 0  Process: /counter_sim/stimulus  File: C:/BSUIR/7semestr/apcu/lab3/lab2/lab2.srcs/sim_1/new/counter_sim.vhd
Error: Ошибка: NOT_RCO не соответствует ожидаемому значению
Time: 980 ns  Iteration: 0  Process: /counter_sim/stimulus  File: C:/BSUIR/7semestr/apcu/lab3/lab2/lab2.srcs/sim_1/new/counter_sim.vhd
Note: Значение NOT_RCO должно быть : 'U'
Time: 980 ns  Iteration: 0  Process: /counter_sim/stimulus  File: C:/BSUIR/7semestr/apcu/lab3/lab2/lab2.srcs/sim_1/new/counter_sim.vhd
Error: Ошибка: NOT_RCO не соответствует ожидаемому значению
Time: 990 ns  Iteration: 0  Process: /counter_sim/stimulus  File: C:/BSUIR/7semestr/apcu/lab3/lab2/lab2.srcs/sim_1/new/counter_sim.vhd
Note: Значение NOT_RCO должно быть : 'U'
Time: 990 ns  Iteration: 0  Process: /counter_sim/stimulus  File: C:/BSUIR/7semestr/apcu/lab3/lab2/lab2.srcs/sim_1/new/counter_sim.vhd
Error: Ошибка: NOT_RCO не соответствует ожидаемому значению
Time: 1 us  Iteration: 0  Process: /counter_sim/stimulus  File: C:/BSUIR/7semestr/apcu/lab3/lab2/lab2.srcs/sim_1/new/counter_sim.vhd
Note: Значение NOT_RCO должно быть : 'U'
Time: 1 us  Iteration: 0  Process: /counter_sim/stimulus  File: C:/BSUIR/7semestr/apcu/lab3/lab2/lab2.srcs/sim_1/new/counter_sim.vhd
INFO: [USF-XSim-96] XSim completed. Design snapshot 'counter_sim_behav' loaded.
INFO: [USF-XSim-97] XSim simulation ran for 1000ns
launch_simulation: Time (s): cpu = 00:00:06 ; elapsed = 00:00:09 . Memory (MB): peak = 804.195 ; gain = 10.949
close_sim
INFO: [Simtcl 6-16] Simulation closed
launch_simulation
INFO: [Vivado 12-5682] Launching behavioral simulation in 'C:/BSUIR/7semestr/apcu/lab3/lab2/lab2.sim/sim_1/behav/xsim'
INFO: [SIM-utils-51] Simulation object is 'sim_1'
INFO: [SIM-utils-54] Inspecting design source files for 'counter_sim' in fileset 'sim_1'...
INFO: [USF-XSim-97] Finding global include files...
INFO: [USF-XSim-98] Fetching design files from 'sim_1'...
INFO: [USF-XSim-2] XSim::Compile design
INFO: [USF-XSim-61] Executing 'COMPILE and ANALYZE' step in 'C:/BSUIR/7semestr/apcu/lab3/lab2/lab2.sim/sim_1/behav/xsim'
"xvhdl --incr --relax -prj counter_sim_vhdl.prj"
INFO: [VRFC 10-163] Analyzing VHDL file "C:/BSUIR/7semestr/apcu/lab3/lab2/lab2.srcs/sim_1/new/counter_sim.vhd" into library xil_defaultlib
INFO: [VRFC 10-307] analyzing entity counter_sim
INFO: [USF-XSim-69] 'compile' step finished in '2' seconds
INFO: [USF-XSim-3] XSim::Elaborate design
INFO: [USF-XSim-61] Executing 'ELABORATE' step in 'C:/BSUIR/7semestr/apcu/lab3/lab2/lab2.sim/sim_1/behav/xsim'
Vivado Simulator 2018.2
Copyright 1986-1999, 2001-2018 Xilinx, Inc. All Rights Reserved.
Running: C:/Xilinx/Vivado/2018.2/bin/unwrapped/win64.o/xelab.exe -wto 002eb506dd2e4d28a45a7b71c4308995 --incr --debug typical --relax --mt 2 -L xil_defaultlib -L secureip --snapshot counter_sim_behav xil_defaultlib.counter_sim -log elaborate.log 
Using 2 slave threads.
Starting static elaboration
Completed static elaboration
Starting simulation data flow analysis
Completed simulation data flow analysis
Time Resolution for simulation is 1ps
Compiling package std.standard
Compiling package std.textio
Compiling package ieee.std_logic_1164
Compiling package ieee.numeric_std
Compiling package ieee.std_logic_textio
Compiling architecture behavioral of entity xil_defaultlib.jk [jk_default]
Compiling architecture behavioral of entity xil_defaultlib.counter [counter_default]
Compiling architecture behavioral of entity xil_defaultlib.jk2 [jk2_default]
Compiling architecture behavioral of entity xil_defaultlib.counter2 [counter2_default]
Compiling architecture behavioral of entity xil_defaultlib.counter_sim
Built simulation snapshot counter_sim_behav
INFO: [USF-XSim-69] 'elaborate' step finished in '2' seconds
INFO: [USF-XSim-4] XSim::Simulate design
INFO: [USF-XSim-61] Executing 'SIMULATE' step in 'C:/BSUIR/7semestr/apcu/lab3/lab2/lab2.sim/sim_1/behav/xsim'
INFO: [USF-XSim-98] *** Running xsim
   with args "counter_sim_behav -key {Behavioral:sim_1:Functional:counter_sim} -tclbatch {counter_sim.tcl} -log {simulate.log}"
INFO: [USF-XSim-8] Loading simulator feature
Vivado Simulator 2018.2
Time resolution is 1 ps
source counter_sim.tcl
# set curr_wave [current_wave_config]
# if { [string length $curr_wave] == 0 } {
#   if { [llength [get_objects]] > 0} {
#     add_wave /
#     set_property needs_save false [current_wave_config]
#   } else {
#      send_msg_id Add_Wave-1 WARNING "No top level signals found. Simulator will start without a wave window. If you want to open a wave window go to 'File->New Waveform Configuration' or type 'create_wave_config' in the TCL console."
#   }
# }
WARNING: Simulation object /counter_sim/input_buf was not traceable in the design for the following reason:
Vivado Simulator does not yet support tracing of VHDL variables.
# run 1000ns
INFO: [USF-XSim-96] XSim completed. Design snapshot 'counter_sim_behav' loaded.
INFO: [USF-XSim-97] XSim simulation ran for 1000ns
launch_simulation: Time (s): cpu = 00:00:03 ; elapsed = 00:00:06 . Memory (MB): peak = 810.379 ; gain = 1.473
close_sim
INFO: [Simtcl 6-16] Simulation closed
launch_simulation
INFO: [Vivado 12-5682] Launching behavioral simulation in 'C:/BSUIR/7semestr/apcu/lab3/lab2/lab2.sim/sim_1/behav/xsim'
INFO: [SIM-utils-51] Simulation object is 'sim_1'
INFO: [SIM-utils-54] Inspecting design source files for 'counter_sim' in fileset 'sim_1'...
INFO: [USF-XSim-97] Finding global include files...
INFO: [USF-XSim-98] Fetching design files from 'sim_1'...
INFO: [USF-XSim-2] XSim::Compile design
INFO: [USF-XSim-61] Executing 'COMPILE and ANALYZE' step in 'C:/BSUIR/7semestr/apcu/lab3/lab2/lab2.sim/sim_1/behav/xsim'
"xvhdl --incr --relax -prj counter_sim_vhdl.prj"
INFO: [USF-XSim-69] 'compile' step finished in '1' seconds
INFO: [USF-XSim-3] XSim::Elaborate design
INFO: [USF-XSim-61] Executing 'ELABORATE' step in 'C:/BSUIR/7semestr/apcu/lab3/lab2/lab2.sim/sim_1/behav/xsim'
Vivado Simulator 2018.2
Copyright 1986-1999, 2001-2018 Xilinx, Inc. All Rights Reserved.
Running: C:/Xilinx/Vivado/2018.2/bin/unwrapped/win64.o/xelab.exe -wto 002eb506dd2e4d28a45a7b71c4308995 --incr --debug typical --relax --mt 2 -L xil_defaultlib -L secureip --snapshot counter_sim_behav xil_defaultlib.counter_sim -log elaborate.log 
Using 2 slave threads.
Starting static elaboration
Completed static elaboration
INFO: [XSIM 43-4323] No Change in HDL. Linking previously generated obj files to create kernel
INFO: [USF-XSim-69] 'elaborate' step finished in '2' seconds
INFO: [USF-XSim-4] XSim::Simulate design
INFO: [USF-XSim-61] Executing 'SIMULATE' step in 'C:/BSUIR/7semestr/apcu/lab3/lab2/lab2.sim/sim_1/behav/xsim'
INFO: [USF-XSim-98] *** Running xsim
   with args "counter_sim_behav -key {Behavioral:sim_1:Functional:counter_sim} -tclbatch {counter_sim.tcl} -log {simulate.log}"
INFO: [USF-XSim-8] Loading simulator feature
Vivado Simulator 2018.2
Time resolution is 1 ps
source counter_sim.tcl
# set curr_wave [current_wave_config]
# if { [string length $curr_wave] == 0 } {
#   if { [llength [get_objects]] > 0} {
#     add_wave /
#     set_property needs_save false [current_wave_config]
#   } else {
#      send_msg_id Add_Wave-1 WARNING "No top level signals found. Simulator will start without a wave window. If you want to open a wave window go to 'File->New Waveform Configuration' or type 'create_wave_config' in the TCL console."
#   }
# }
WARNING: Simulation object /counter_sim/input_buf was not traceable in the design for the following reason:
Vivado Simulator does not yet support tracing of VHDL variables.
# run 1000ns
INFO: [USF-XSim-96] XSim completed. Design snapshot 'counter_sim_behav' loaded.
INFO: [USF-XSim-97] XSim simulation ran for 1000ns
launch_simulation: Time (s): cpu = 00:00:04 ; elapsed = 00:00:06 . Memory (MB): peak = 814.957 ; gain = 2.441
close_sim
INFO: [Simtcl 6-16] Simulation closed
launch_simulation
INFO: [Vivado 12-5682] Launching behavioral simulation in 'C:/BSUIR/7semestr/apcu/lab3/lab2/lab2.sim/sim_1/behav/xsim'
INFO: [SIM-utils-51] Simulation object is 'sim_1'
INFO: [SIM-utils-54] Inspecting design source files for 'counter_sim' in fileset 'sim_1'...
INFO: [USF-XSim-97] Finding global include files...
INFO: [USF-XSim-98] Fetching design files from 'sim_1'...
INFO: [USF-XSim-2] XSim::Compile design
INFO: [USF-XSim-61] Executing 'COMPILE and ANALYZE' step in 'C:/BSUIR/7semestr/apcu/lab3/lab2/lab2.sim/sim_1/behav/xsim'
"xvhdl --incr --relax -prj counter_sim_vhdl.prj"
INFO: [USF-XSim-69] 'compile' step finished in '2' seconds
INFO: [USF-XSim-3] XSim::Elaborate design
INFO: [USF-XSim-61] Executing 'ELABORATE' step in 'C:/BSUIR/7semestr/apcu/lab3/lab2/lab2.sim/sim_1/behav/xsim'
Vivado Simulator 2018.2
Copyright 1986-1999, 2001-2018 Xilinx, Inc. All Rights Reserved.
Running: C:/Xilinx/Vivado/2018.2/bin/unwrapped/win64.o/xelab.exe -wto 002eb506dd2e4d28a45a7b71c4308995 --incr --debug typical --relax --mt 2 -L xil_defaultlib -L secureip --snapshot counter_sim_behav xil_defaultlib.counter_sim -log elaborate.log 
Using 2 slave threads.
Starting static elaboration
Completed static elaboration
INFO: [XSIM 43-4323] No Change in HDL. Linking previously generated obj files to create kernel
INFO: [USF-XSim-69] 'elaborate' step finished in '2' seconds
INFO: [USF-XSim-4] XSim::Simulate design
INFO: [USF-XSim-61] Executing 'SIMULATE' step in 'C:/BSUIR/7semestr/apcu/lab3/lab2/lab2.sim/sim_1/behav/xsim'
INFO: [USF-XSim-98] *** Running xsim
   with args "counter_sim_behav -key {Behavioral:sim_1:Functional:counter_sim} -tclbatch {counter_sim.tcl} -log {simulate.log}"
INFO: [USF-XSim-8] Loading simulator feature
Vivado Simulator 2018.2
Time resolution is 1 ps
source counter_sim.tcl
# set curr_wave [current_wave_config]
# if { [string length $curr_wave] == 0 } {
#   if { [llength [get_objects]] > 0} {
#     add_wave /
#     set_property needs_save false [current_wave_config]
#   } else {
#      send_msg_id Add_Wave-1 WARNING "No top level signals found. Simulator will start without a wave window. If you want to open a wave window go to 'File->New Waveform Configuration' or type 'create_wave_config' in the TCL console."
#   }
# }
WARNING: Simulation object /counter_sim/input_buf was not traceable in the design for the following reason:
Vivado Simulator does not yet support tracing of VHDL variables.
# run 1000ns
INFO: [USF-XSim-96] XSim completed. Design snapshot 'counter_sim_behav' loaded.
INFO: [USF-XSim-97] XSim simulation ran for 1000ns
launch_simulation: Time (s): cpu = 00:00:02 ; elapsed = 00:00:06 . Memory (MB): peak = 816.906 ; gain = 0.000
close_sim
INFO: [Simtcl 6-16] Simulation closed
exit
INFO: [Common 17-206] Exiting Vivado at Sat Dec 14 12:28:19 2024...
