Analysis & Synthesis report for lab4
Thu Nov 09 20:59:58 2023
Quartus II Version 9.1 Build 222 10/21/2009 SJ Web Edition


---------------------
; Table of Contents ;
---------------------
  1. Legal Notice
  2. Analysis & Synthesis Summary
  3. Analysis & Synthesis Settings
  4. Analysis & Synthesis Source Files Read
  5. Analysis & Synthesis Resource Usage Summary
  6. Analysis & Synthesis Resource Utilization by Entity
  7. Analysis & Synthesis RAM Summary
  8. General Register Statistics
  9. Source assignments for ROM:inst|lpm_rom0:inst|altsyncram:altsyncram_component|altsyncram_c341:auto_generated
 10. Source assignments for RAM:inst1|LPM_RAM_IO:inst|altram:sram|altsyncram:ram_block|altsyncram_0o91:auto_generated
 11. Parameter Settings for User Entity Instance: BUFFER:inst7|lpm_bustri1:inst3|lpm_bustri:lpm_bustri_component
 12. Parameter Settings for User Entity Instance: BUFFER:inst7|lpm_dff0:inst1|lpm_ff:lpm_ff_component
 13. Parameter Settings for User Entity Instance: ROM:inst|lpm_bustri0:inst2|lpm_bustri:lpm_bustri_component
 14. Parameter Settings for User Entity Instance: ROM:inst|lpm_rom0:inst|altsyncram:altsyncram_component
 15. Parameter Settings for User Entity Instance: RAM:inst1|LPM_RAM_IO:inst
 16. altsyncram Parameter Settings by Entity Instance
 17. Analysis & Synthesis Messages



----------------
; Legal Notice ;
----------------
Copyright (C) 1991-2009 Altera Corporation
Your use of Altera Corporation's design tools, logic functions 
and other software and tools, and its AMPP partner logic 
functions, and any output files from any of the foregoing 
(including device programming or simulation files), and any 
associated documentation or information are expressly subject 
to the terms and conditions of the Altera Program License 
Subscription Agreement, Altera MegaCore Function License 
Agreement, or other applicable license agreement, including, 
without limitation, that your use is for the sole purpose of 
programming logic devices manufactured by Altera and sold by 
Altera or its authorized distributors.  Please refer to the 
applicable agreement for further details.



+-----------------------------------------------------------------------+
; Analysis & Synthesis Summary                                          ;
+-----------------------------+-----------------------------------------+
; Analysis & Synthesis Status ; Successful - Thu Nov 09 20:59:58 2023   ;
; Quartus II Version          ; 9.1 Build 222 10/21/2009 SJ Web Edition ;
; Revision Name               ; lab4                                    ;
; Top-level Entity Name       ; lab4                                    ;
; Family                      ; Cyclone                                 ;
; Total logic elements        ; 35                                      ;
; Total pins                  ; 33                                      ;
; Total virtual pins          ; 0                                       ;
; Total memory bits           ; 512                                     ;
; Total PLLs                  ; 0                                       ;
+-----------------------------+-----------------------------------------+


+----------------------------------------------------------------------------------------------------------------------+
; Analysis & Synthesis Settings                                                                                        ;
+----------------------------------------------------------------------------+--------------------+--------------------+
; Option                                                                     ; Setting            ; Default Value      ;
+----------------------------------------------------------------------------+--------------------+--------------------+
; Top-level entity name                                                      ; lab4               ; lab4               ;
; Family name                                                                ; Cyclone            ; Stratix II         ;
; Type of Retiming Performed During Resynthesis                              ; Full               ;                    ;
; Resynthesis Optimization Effort                                            ; Normal             ;                    ;
; Physical Synthesis Level for Resynthesis                                   ; Normal             ;                    ;
; Use Generated Physical Constraints File                                    ; On                 ;                    ;
; Use smart compilation                                                      ; Off                ; Off                ;
; Enable parallel Assembler and TimeQuest Timing Analyzer during compilation ; On                 ; On                 ;
; Enable compact report table                                                ; Off                ; Off                ;
; Restructure Multiplexers                                                   ; Auto               ; Auto               ;
; Create Debugging Nodes for IP Cores                                        ; Off                ; Off                ;
; Preserve fewer node names                                                  ; On                 ; On                 ;
; Disable OpenCore Plus hardware evaluation                                  ; Off                ; Off                ;
; Verilog Version                                                            ; Verilog_2001       ; Verilog_2001       ;
; VHDL Version                                                               ; VHDL_1993          ; VHDL_1993          ;
; State Machine Processing                                                   ; Auto               ; Auto               ;
; Safe State Machine                                                         ; Off                ; Off                ;
; Extract Verilog State Machines                                             ; On                 ; On                 ;
; Extract VHDL State Machines                                                ; On                 ; On                 ;
; Ignore Verilog initial constructs                                          ; Off                ; Off                ;
; Iteration limit for constant Verilog loops                                 ; 5000               ; 5000               ;
; Iteration limit for non-constant Verilog loops                             ; 250                ; 250                ;
; Add Pass-Through Logic to Inferred RAMs                                    ; On                 ; On                 ;
; Parallel Synthesis                                                         ; On                 ; On                 ;
; NOT Gate Push-Back                                                         ; On                 ; On                 ;
; Power-Up Don't Care                                                        ; On                 ; On                 ;
; Remove Redundant Logic Cells                                               ; Off                ; Off                ;
; Remove Duplicate Registers                                                 ; On                 ; On                 ;
; Ignore CARRY Buffers                                                       ; Off                ; Off                ;
; Ignore CASCADE Buffers                                                     ; Off                ; Off                ;
; Ignore GLOBAL Buffers                                                      ; Off                ; Off                ;
; Ignore ROW GLOBAL Buffers                                                  ; Off                ; Off                ;
; Ignore LCELL Buffers                                                       ; Off                ; Off                ;
; Ignore SOFT Buffers                                                        ; On                 ; On                 ;
; Limit AHDL Integers to 32 Bits                                             ; Off                ; Off                ;
; Optimization Technique                                                     ; Balanced           ; Balanced           ;
; Carry Chain Length                                                         ; 70                 ; 70                 ;
; Auto Carry Chains                                                          ; On                 ; On                 ;
; Auto Open-Drain Pins                                                       ; On                 ; On                 ;
; Perform WYSIWYG Primitive Resynthesis                                      ; Off                ; Off                ;
; Auto ROM Replacement                                                       ; On                 ; On                 ;
; Auto RAM Replacement                                                       ; On                 ; On                 ;
; Auto Shift Register Replacement                                            ; Auto               ; Auto               ;
; Auto Clock Enable Replacement                                              ; On                 ; On                 ;
; Strict RAM Replacement                                                     ; Off                ; Off                ;
; Allow Synchronous Control Signals                                          ; On                 ; On                 ;
; Force Use of Synchronous Clear Signals                                     ; Off                ; Off                ;
; Auto RAM Block Balancing                                                   ; On                 ; On                 ;
; Auto RAM to Logic Cell Conversion                                          ; Off                ; Off                ;
; Auto Resource Sharing                                                      ; Off                ; Off                ;
; Allow Any RAM Size For Recognition                                         ; Off                ; Off                ;
; Allow Any ROM Size For Recognition                                         ; Off                ; Off                ;
; Allow Any Shift Register Size For Recognition                              ; Off                ; Off                ;
; Use LogicLock Constraints during Resource Balancing                        ; On                 ; On                 ;
; Ignore translate_off and synthesis_off directives                          ; Off                ; Off                ;
; Show Parameter Settings Tables in Synthesis Report                         ; On                 ; On                 ;
; Ignore Maximum Fan-Out Assignments                                         ; Off                ; Off                ;
; Synchronization Register Chain Length                                      ; 2                  ; 2                  ;
; PowerPlay Power Optimization                                               ; Normal compilation ; Normal compilation ;
; HDL message level                                                          ; Level2             ; Level2             ;
; Suppress Register Optimization Related Messages                            ; Off                ; Off                ;
; Number of Removed Registers Reported in Synthesis Report                   ; 100                ; 100                ;
; Number of Inverted Registers Reported in Synthesis Report                  ; 100                ; 100                ;
; Clock MUX Protection                                                       ; On                 ; On                 ;
; Block Design Naming                                                        ; Auto               ; Auto               ;
; Synthesis Effort                                                           ; Auto               ; Auto               ;
; Shift Register Replacement - Allow Asynchronous Clear Signal               ; On                 ; On                 ;
; Analysis & Synthesis Message Level                                         ; Medium             ; Medium             ;
; Disable Register Merging Across Hierarchies                                ; Auto               ; Auto               ;
; Resource Aware Inference For Block RAM                                     ; On                 ; On                 ;
+----------------------------------------------------------------------------+--------------------+--------------------+


+----------------------------------------------------------------------------------------------------------------------------------------------------------+
; Analysis & Synthesis Source Files Read                                                                                                                   ;
+----------------------------------+-----------------+---------------------------------------+-------------------------------------------------------------+
; File Name with User-Entered Path ; Used in Netlist ; File Type                             ; File Name with Absolute Path                                ;
+----------------------------------+-----------------+---------------------------------------+-------------------------------------------------------------+
; lpm_rom0.v                       ; yes             ; User Wizard-Generated File            ; //Mac/Home/Desktop/lab4/lpm_rom0.v                          ;
; lab4.bdf                         ; yes             ; User Block Diagram/Schematic File     ; //Mac/Home/Desktop/lab4/lab4.bdf                            ;
; lpm_bustri0.v                    ; yes             ; User Wizard-Generated File            ; //Mac/Home/Desktop/lab4/lpm_bustri0.v                       ;
; ROM.bdf                          ; yes             ; User Block Diagram/Schematic File     ; //Mac/Home/Desktop/lab4/ROM.bdf                             ;
; RAM.bdf                          ; yes             ; User Block Diagram/Schematic File     ; //Mac/Home/Desktop/lab4/RAM.bdf                             ;
; BUFFER.bdf                       ; yes             ; User Block Diagram/Schematic File     ; //Mac/Home/Desktop/lab4/BUFFER.bdf                          ;
; lpm_dff0.v                       ; yes             ; User Wizard-Generated File            ; //Mac/Home/Desktop/lab4/lpm_dff0.v                          ;
; lpm_bustri1.v                    ; yes             ; User Wizard-Generated File            ; //Mac/Home/Desktop/lab4/lpm_bustri1.v                       ;
; lab4romhex.hex                   ; yes             ; User Hexadecimal (Intel-Format) File  ; //Mac/Home/Desktop/lab4/lab4romhex.hex                      ;
; lab4ramhex.hex                   ; yes             ; User Hexadecimal (Intel-Format) File  ; //Mac/Home/Desktop/lab4/lab4ramhex.hex                      ;
; lpm_bustri.tdf                   ; yes             ; Megafunction                          ; c:/altera/91/quartus/libraries/megafunctions/lpm_bustri.tdf ;
; lpm_ff.tdf                       ; yes             ; Megafunction                          ; c:/altera/91/quartus/libraries/megafunctions/lpm_ff.tdf     ;
; altsyncram.tdf                   ; yes             ; Megafunction                          ; c:/altera/91/quartus/libraries/megafunctions/altsyncram.tdf ;
; db/altsyncram_c341.tdf           ; yes             ; Auto-Generated Megafunction           ; //Mac/Home/Desktop/lab4/db/altsyncram_c341.tdf              ;
; lpm_ram_io.tdf                   ; yes             ; Megafunction                          ; c:/altera/91/quartus/libraries/megafunctions/lpm_ram_io.tdf ;
; altram.tdf                       ; yes             ; Megafunction                          ; c:/altera/91/quartus/libraries/megafunctions/altram.tdf     ;
; db/altsyncram_0o91.tdf           ; yes             ; Auto-Generated Megafunction           ; //Mac/Home/Desktop/lab4/db/altsyncram_0o91.tdf              ;
+----------------------------------+-----------------+---------------------------------------+-------------------------------------------------------------+


+-----------------------------------------------------+
; Analysis & Synthesis Resource Usage Summary         ;
+---------------------------------------------+-------+
; Resource                                    ; Usage ;
+---------------------------------------------+-------+
; Total logic elements                        ; 35    ;
;     -- Combinational with no register       ; 27    ;
;     -- Register only                        ; 0     ;
;     -- Combinational with a register        ; 8     ;
;                                             ;       ;
; Logic element usage by number of LUT inputs ;       ;
;     -- 4 input functions                    ; 16    ;
;     -- 3 input functions                    ; 10    ;
;     -- 2 input functions                    ; 9     ;
;     -- 1 input functions                    ; 0     ;
;     -- 0 input functions                    ; 0     ;
;                                             ;       ;
; Logic elements by mode                      ;       ;
;     -- normal mode                          ; 35    ;
;     -- arithmetic mode                      ; 0     ;
;     -- qfbk mode                            ; 0     ;
;     -- register cascade mode                ; 0     ;
;     -- synchronous clear/load mode          ; 0     ;
;     -- asynchronous clear/load mode         ; 0     ;
;                                             ;       ;
; Total registers                             ; 8     ;
; I/O pins                                    ; 33    ;
; Total memory bits                           ; 512   ;
; Maximum fan-out node                        ; read  ;
; Maximum fan-out                             ; 18    ;
; Total fan-out                               ; 264   ;
; Average fan-out                             ; 3.14  ;
+---------------------------------------------+-------+


+------------------------------------------------------------------------------------------------------------------------------------------------------------------------------------------------------------------------------------------------------------------------------------------------------------------------+
; Analysis & Synthesis Resource Utilization by Entity                                                                                                                                                                                                                                                                    ;
+-------------------------------------------------+-------------+--------------+-------------+------+--------------+--------------+-------------------+------------------+-----------------+------------+-------------------------------------------------------------------------------------------------+--------------+
; Compilation Hierarchy Node                      ; Logic Cells ; LC Registers ; Memory Bits ; Pins ; Virtual Pins ; LUT-Only LCs ; Register-Only LCs ; LUT/Register LCs ; Carry Chain LCs ; Packed LCs ; Full Hierarchy Name                                                                             ; Library Name ;
+-------------------------------------------------+-------------+--------------+-------------+------+--------------+--------------+-------------------+------------------+-----------------+------------+-------------------------------------------------------------------------------------------------+--------------+
; |lab4                                           ; 35 (0)      ; 8            ; 512         ; 33   ; 0            ; 27 (0)       ; 0 (0)             ; 8 (0)            ; 0 (0)           ; 0 (0)      ; |lab4                                                                                           ; work         ;
;    |BUFFER:inst7|                               ; 9 (1)       ; 8            ; 0           ; 0    ; 0            ; 1 (1)        ; 0 (0)             ; 8 (0)            ; 0 (0)           ; 0 (0)      ; |lab4|BUFFER:inst7                                                                              ;              ;
;       |lpm_dff0:inst1|                          ; 8 (0)       ; 8            ; 0           ; 0    ; 0            ; 0 (0)        ; 0 (0)             ; 8 (0)            ; 0 (0)           ; 0 (0)      ; |lab4|BUFFER:inst7|lpm_dff0:inst1                                                               ; work         ;
;          |lpm_ff:lpm_ff_component|              ; 8 (8)       ; 8            ; 0           ; 0    ; 0            ; 0 (0)        ; 0 (0)             ; 8 (8)            ; 0 (0)           ; 0 (0)      ; |lab4|BUFFER:inst7|lpm_dff0:inst1|lpm_ff:lpm_ff_component                                       ; work         ;
;    |RAM:inst1|                                  ; 26 (0)      ; 0            ; 256         ; 0    ; 0            ; 26 (0)       ; 0 (0)             ; 0 (0)            ; 0 (0)           ; 0 (0)      ; |lab4|RAM:inst1                                                                                 ; work         ;
;       |lpm_ram_io:inst|                         ; 26 (26)     ; 0            ; 256         ; 0    ; 0            ; 26 (26)      ; 0 (0)             ; 0 (0)            ; 0 (0)           ; 0 (0)      ; |lab4|RAM:inst1|lpm_ram_io:inst                                                                 ;              ;
;          |altram:sram|                          ; 0 (0)       ; 0            ; 256         ; 0    ; 0            ; 0 (0)        ; 0 (0)             ; 0 (0)            ; 0 (0)           ; 0 (0)      ; |lab4|RAM:inst1|lpm_ram_io:inst|altram:sram                                                     ;              ;
;             |altsyncram:ram_block|              ; 0 (0)       ; 0            ; 256         ; 0    ; 0            ; 0 (0)        ; 0 (0)             ; 0 (0)            ; 0 (0)           ; 0 (0)      ; |lab4|RAM:inst1|lpm_ram_io:inst|altram:sram|altsyncram:ram_block                                ;              ;
;                |altsyncram_0o91:auto_generated| ; 0 (0)       ; 0            ; 256         ; 0    ; 0            ; 0 (0)        ; 0 (0)             ; 0 (0)            ; 0 (0)           ; 0 (0)      ; |lab4|RAM:inst1|lpm_ram_io:inst|altram:sram|altsyncram:ram_block|altsyncram_0o91:auto_generated ;              ;
;    |ROM:inst|                                   ; 0 (0)       ; 0            ; 256         ; 0    ; 0            ; 0 (0)        ; 0 (0)             ; 0 (0)            ; 0 (0)           ; 0 (0)      ; |lab4|ROM:inst                                                                                  ; work         ;
;       |lpm_rom0:inst|                           ; 0 (0)       ; 0            ; 256         ; 0    ; 0            ; 0 (0)        ; 0 (0)             ; 0 (0)            ; 0 (0)           ; 0 (0)      ; |lab4|ROM:inst|lpm_rom0:inst                                                                    ; work         ;
;          |altsyncram:altsyncram_component|      ; 0 (0)       ; 0            ; 256         ; 0    ; 0            ; 0 (0)        ; 0 (0)             ; 0 (0)            ; 0 (0)           ; 0 (0)      ; |lab4|ROM:inst|lpm_rom0:inst|altsyncram:altsyncram_component                                    ; work         ;
;             |altsyncram_c341:auto_generated|    ; 0 (0)       ; 0            ; 256         ; 0    ; 0            ; 0 (0)        ; 0 (0)             ; 0 (0)            ; 0 (0)           ; 0 (0)      ; |lab4|ROM:inst|lpm_rom0:inst|altsyncram:altsyncram_component|altsyncram_c341:auto_generated     ; work         ;
+-------------------------------------------------+-------------+--------------+-------------+------+--------------+--------------+-------------------+------------------+-----------------+------------+-------------------------------------------------------------------------------------------------+--------------+
Note: For table entries with two numbers listed, the numbers in parentheses indicate the number of resources of the given type used by the specific entity alone. The numbers listed outside of parentheses indicate the total resources of the given type used by the specific entity and all of its sub-entities in the hierarchy.


+-----------------------------------------------------------------------------------------------------------------------------------------------------------------------------------------------------------------+
; Analysis & Synthesis RAM Summary                                                                                                                                                                                ;
+------------------------------------------------------------------------------------------------------+------+-------------+--------------+--------------+--------------+--------------+------+------------------+
; Name                                                                                                 ; Type ; Mode        ; Port A Depth ; Port A Width ; Port B Depth ; Port B Width ; Size ; MIF              ;
+------------------------------------------------------------------------------------------------------+------+-------------+--------------+--------------+--------------+--------------+------+------------------+
; RAM:inst1|lpm_ram_io:inst|altram:sram|altsyncram:ram_block|altsyncram_0o91:auto_generated|ALTSYNCRAM ; AUTO ; Single Port ; 32           ; 8            ; --           ; --           ; 256  ; ./lab4ramhex.hex ;
; ROM:inst|lpm_rom0:inst|altsyncram:altsyncram_component|altsyncram_c341:auto_generated|ALTSYNCRAM     ; AUTO ; ROM         ; 32           ; 8            ; --           ; --           ; 256  ; lab4romhex.hex   ;
+------------------------------------------------------------------------------------------------------+------+-------------+--------------+--------------+--------------+--------------+------+------------------+


+------------------------------------------------------+
; General Register Statistics                          ;
+----------------------------------------------+-------+
; Statistic                                    ; Value ;
+----------------------------------------------+-------+
; Total registers                              ; 8     ;
; Number of registers using Synchronous Clear  ; 0     ;
; Number of registers using Synchronous Load   ; 0     ;
; Number of registers using Asynchronous Clear ; 0     ;
; Number of registers using Asynchronous Load  ; 0     ;
; Number of registers using Clock Enable       ; 0     ;
; Number of registers using Preset             ; 0     ;
+----------------------------------------------+-------+


+--------------------------------------------------------------------------------------------------------------+
; Source assignments for ROM:inst|lpm_rom0:inst|altsyncram:altsyncram_component|altsyncram_c341:auto_generated ;
+---------------------------------+--------------------+------+------------------------------------------------+
; Assignment                      ; Value              ; From ; To                                             ;
+---------------------------------+--------------------+------+------------------------------------------------+
; OPTIMIZE_POWER_DURING_SYNTHESIS ; NORMAL_COMPILATION ; -    ; -                                              ;
+---------------------------------+--------------------+------+------------------------------------------------+


+------------------------------------------------------------------------------------------------------------------+
; Source assignments for RAM:inst1|LPM_RAM_IO:inst|altram:sram|altsyncram:ram_block|altsyncram_0o91:auto_generated ;
+---------------------------------+--------------------+------+----------------------------------------------------+
; Assignment                      ; Value              ; From ; To                                                 ;
+---------------------------------+--------------------+------+----------------------------------------------------+
; OPTIMIZE_POWER_DURING_SYNTHESIS ; NORMAL_COMPILATION ; -    ; -                                                  ;
+---------------------------------+--------------------+------+----------------------------------------------------+


+-------------------------------------------------------------------------------------------------------------+
; Parameter Settings for User Entity Instance: BUFFER:inst7|lpm_bustri1:inst3|lpm_bustri:lpm_bustri_component ;
+----------------+-------+------------------------------------------------------------------------------------+
; Parameter Name ; Value ; Type                                                                               ;
+----------------+-------+------------------------------------------------------------------------------------+
; LPM_WIDTH      ; 8     ; Signed Integer                                                                     ;
+----------------+-------+------------------------------------------------------------------------------------+
Note: In order to hide this table in the UI and the text report file, please set the "Show Parameter Settings Tables in Synthesis Report" option in "Analysis and Synthesis Settings -> More Settings" to "Off".


+--------------------------------------------------------------------------------------------------+
; Parameter Settings for User Entity Instance: BUFFER:inst7|lpm_dff0:inst1|lpm_ff:lpm_ff_component ;
+------------------------+---------+---------------------------------------------------------------+
; Parameter Name         ; Value   ; Type                                                          ;
+------------------------+---------+---------------------------------------------------------------+
; LPM_WIDTH              ; 8       ; Signed Integer                                                ;
; LPM_AVALUE             ; UNUSED  ; Untyped                                                       ;
; LPM_SVALUE             ; UNUSED  ; Untyped                                                       ;
; LPM_FFTYPE             ; DFF     ; Untyped                                                       ;
; DEVICE_FAMILY          ; Cyclone ; Untyped                                                       ;
; CBXI_PARAMETER         ; NOTHING ; Untyped                                                       ;
; AUTO_CARRY_CHAINS      ; ON      ; AUTO_CARRY                                                    ;
; IGNORE_CARRY_BUFFERS   ; OFF     ; IGNORE_CARRY                                                  ;
; AUTO_CASCADE_CHAINS    ; ON      ; AUTO_CASCADE                                                  ;
; IGNORE_CASCADE_BUFFERS ; OFF     ; IGNORE_CASCADE                                                ;
+------------------------+---------+---------------------------------------------------------------+
Note: In order to hide this table in the UI and the text report file, please set the "Show Parameter Settings Tables in Synthesis Report" option in "Analysis and Synthesis Settings -> More Settings" to "Off".


+---------------------------------------------------------------------------------------------------------+
; Parameter Settings for User Entity Instance: ROM:inst|lpm_bustri0:inst2|lpm_bustri:lpm_bustri_component ;
+----------------+-------+--------------------------------------------------------------------------------+
; Parameter Name ; Value ; Type                                                                           ;
+----------------+-------+--------------------------------------------------------------------------------+
; LPM_WIDTH      ; 8     ; Signed Integer                                                                 ;
+----------------+-------+--------------------------------------------------------------------------------+
Note: In order to hide this table in the UI and the text report file, please set the "Show Parameter Settings Tables in Synthesis Report" option in "Analysis and Synthesis Settings -> More Settings" to "Off".


+-----------------------------------------------------------------------------------------------------+
; Parameter Settings for User Entity Instance: ROM:inst|lpm_rom0:inst|altsyncram:altsyncram_component ;
+------------------------------------+----------------------+-----------------------------------------+
; Parameter Name                     ; Value                ; Type                                    ;
+------------------------------------+----------------------+-----------------------------------------+
; BYTE_SIZE_BLOCK                    ; 8                    ; Untyped                                 ;
; AUTO_CARRY_CHAINS                  ; ON                   ; AUTO_CARRY                              ;
; IGNORE_CARRY_BUFFERS               ; OFF                  ; IGNORE_CARRY                            ;
; AUTO_CASCADE_CHAINS                ; ON                   ; AUTO_CASCADE                            ;
; IGNORE_CASCADE_BUFFERS             ; OFF                  ; IGNORE_CASCADE                          ;
; WIDTH_BYTEENA                      ; 1                    ; Untyped                                 ;
; OPERATION_MODE                     ; ROM                  ; Untyped                                 ;
; WIDTH_A                            ; 8                    ; Signed Integer                          ;
; WIDTHAD_A                          ; 5                    ; Signed Integer                          ;
; NUMWORDS_A                         ; 32                   ; Signed Integer                          ;
; OUTDATA_REG_A                      ; UNREGISTERED         ; Untyped                                 ;
; ADDRESS_ACLR_A                     ; NONE                 ; Untyped                                 ;
; OUTDATA_ACLR_A                     ; NONE                 ; Untyped                                 ;
; WRCONTROL_ACLR_A                   ; NONE                 ; Untyped                                 ;
; INDATA_ACLR_A                      ; NONE                 ; Untyped                                 ;
; BYTEENA_ACLR_A                     ; NONE                 ; Untyped                                 ;
; WIDTH_B                            ; 1                    ; Untyped                                 ;
; WIDTHAD_B                          ; 1                    ; Untyped                                 ;
; NUMWORDS_B                         ; 1                    ; Untyped                                 ;
; INDATA_REG_B                       ; CLOCK1               ; Untyped                                 ;
; WRCONTROL_WRADDRESS_REG_B          ; CLOCK1               ; Untyped                                 ;
; RDCONTROL_REG_B                    ; CLOCK1               ; Untyped                                 ;
; ADDRESS_REG_B                      ; CLOCK1               ; Untyped                                 ;
; OUTDATA_REG_B                      ; UNREGISTERED         ; Untyped                                 ;
; BYTEENA_REG_B                      ; CLOCK1               ; Untyped                                 ;
; INDATA_ACLR_B                      ; NONE                 ; Untyped                                 ;
; WRCONTROL_ACLR_B                   ; NONE                 ; Untyped                                 ;
; ADDRESS_ACLR_B                     ; NONE                 ; Untyped                                 ;
; OUTDATA_ACLR_B                     ; NONE                 ; Untyped                                 ;
; RDCONTROL_ACLR_B                   ; NONE                 ; Untyped                                 ;
; BYTEENA_ACLR_B                     ; NONE                 ; Untyped                                 ;
; WIDTH_BYTEENA_A                    ; 1                    ; Signed Integer                          ;
; WIDTH_BYTEENA_B                    ; 1                    ; Untyped                                 ;
; RAM_BLOCK_TYPE                     ; AUTO                 ; Untyped                                 ;
; BYTE_SIZE                          ; 8                    ; Untyped                                 ;
; READ_DURING_WRITE_MODE_MIXED_PORTS ; DONT_CARE            ; Untyped                                 ;
; READ_DURING_WRITE_MODE_PORT_A      ; NEW_DATA_NO_NBE_READ ; Untyped                                 ;
; READ_DURING_WRITE_MODE_PORT_B      ; NEW_DATA_NO_NBE_READ ; Untyped                                 ;
; INIT_FILE                          ; lab4romhex.hex       ; Untyped                                 ;
; INIT_FILE_LAYOUT                   ; PORT_A               ; Untyped                                 ;
; MAXIMUM_DEPTH                      ; 0                    ; Untyped                                 ;
; CLOCK_ENABLE_INPUT_A               ; NORMAL               ; Untyped                                 ;
; CLOCK_ENABLE_INPUT_B               ; NORMAL               ; Untyped                                 ;
; CLOCK_ENABLE_OUTPUT_A              ; NORMAL               ; Untyped                                 ;
; CLOCK_ENABLE_OUTPUT_B              ; NORMAL               ; Untyped                                 ;
; CLOCK_ENABLE_CORE_A                ; USE_INPUT_CLKEN      ; Untyped                                 ;
; CLOCK_ENABLE_CORE_B                ; USE_INPUT_CLKEN      ; Untyped                                 ;
; ENABLE_ECC                         ; FALSE                ; Untyped                                 ;
; DEVICE_FAMILY                      ; Cyclone              ; Untyped                                 ;
; CBXI_PARAMETER                     ; altsyncram_c341      ; Untyped                                 ;
+------------------------------------+----------------------+-----------------------------------------+
Note: In order to hide this table in the UI and the text report file, please set the "Show Parameter Settings Tables in Synthesis Report" option in "Analysis and Synthesis Settings -> More Settings" to "Off".


+------------------------------------------------------------------------+
; Parameter Settings for User Entity Instance: RAM:inst1|LPM_RAM_IO:inst ;
+------------------------+------------------+----------------------------+
; Parameter Name         ; Value            ; Type                       ;
+------------------------+------------------+----------------------------+
; LPM_WIDTH              ; 8                ; Untyped                    ;
; LPM_WIDTHAD            ; 5                ; Untyped                    ;
; LPM_NUMWORDS           ; 32               ; Untyped                    ;
; LPM_INDATA             ; REGISTERED       ; Untyped                    ;
; LPM_ADDRESS_CONTROL    ; REGISTERED       ; Untyped                    ;
; LPM_OUTDATA            ; REGISTERED       ; Untyped                    ;
; LPM_FILE               ; ./lab4ramhex.hex ; Untyped                    ;
; USE_EAB                ; ON               ; Untyped                    ;
; DEVICE_FAMILY          ; Cyclone          ; Untyped                    ;
; AUTO_CARRY_CHAINS      ; ON               ; AUTO_CARRY                 ;
; IGNORE_CARRY_BUFFERS   ; OFF              ; IGNORE_CARRY               ;
; AUTO_CASCADE_CHAINS    ; ON               ; AUTO_CASCADE               ;
; IGNORE_CASCADE_BUFFERS ; OFF              ; IGNORE_CASCADE             ;
+------------------------+------------------+----------------------------+
Note: In order to hide this table in the UI and the text report file, please set the "Show Parameter Settings Tables in Synthesis Report" option in "Analysis and Synthesis Settings -> More Settings" to "Off".


+----------------------------------------------------------------------------------------------------+
; altsyncram Parameter Settings by Entity Instance                                                   ;
+-------------------------------------------+--------------------------------------------------------+
; Name                                      ; Value                                                  ;
+-------------------------------------------+--------------------------------------------------------+
; Number of entity instances                ; 1                                                      ;
; Entity Instance                           ; ROM:inst|lpm_rom0:inst|altsyncram:altsyncram_component ;
;     -- OPERATION_MODE                     ; ROM                                                    ;
;     -- WIDTH_A                            ; 8                                                      ;
;     -- NUMWORDS_A                         ; 32                                                     ;
;     -- OUTDATA_REG_A                      ; UNREGISTERED                                           ;
;     -- WIDTH_B                            ; 1                                                      ;
;     -- NUMWORDS_B                         ; 1                                                      ;
;     -- ADDRESS_REG_B                      ; CLOCK1                                                 ;
;     -- OUTDATA_REG_B                      ; UNREGISTERED                                           ;
;     -- RAM_BLOCK_TYPE                     ; AUTO                                                   ;
;     -- READ_DURING_WRITE_MODE_MIXED_PORTS ; DONT_CARE                                              ;
+-------------------------------------------+--------------------------------------------------------+


+-------------------------------+
; Analysis & Synthesis Messages ;
+-------------------------------+
Info: *******************************************************************
Info: Running Quartus II Analysis & Synthesis
    Info: Version 9.1 Build 222 10/21/2009 SJ Web Edition
    Info: Processing started: Thu Nov 09 20:59:55 2023
Info: Command: quartus_map --read_settings_files=on --write_settings_files=off lab4 -c lab4
Info: Found 1 design units, including 1 entities, in source file lpm_rom0.v
    Info: Found entity 1: lpm_rom0
Info: Found 1 design units, including 1 entities, in source file lab4.bdf
    Info: Found entity 1: lab4
Info: Found 1 design units, including 1 entities, in source file lpm_bustri0.v
    Info: Found entity 1: lpm_bustri0
Info: Found 1 design units, including 1 entities, in source file rom.bdf
    Info: Found entity 1: ROM
Info: Found 1 design units, including 1 entities, in source file ram.bdf
    Info: Found entity 1: RAM
Info: Found 1 design units, including 1 entities, in source file buffer.bdf
    Info: Found entity 1: BUFFER
Info: Found 1 design units, including 1 entities, in source file lpm_dff0.v
    Info: Found entity 1: lpm_dff0
Info: Found 1 design units, including 1 entities, in source file lpm_bustri1.v
    Info: Found entity 1: lpm_bustri1
Info: Elaborating entity "lab4" for the top level hierarchy
Info: Elaborating entity "BUFFER" for hierarchy "BUFFER:inst7"
Info: Elaborating entity "lpm_bustri1" for hierarchy "BUFFER:inst7|lpm_bustri1:inst3"
Info: Elaborating entity "lpm_bustri" for hierarchy "BUFFER:inst7|lpm_bustri1:inst3|lpm_bustri:lpm_bustri_component"
Info: Elaborated megafunction instantiation "BUFFER:inst7|lpm_bustri1:inst3|lpm_bustri:lpm_bustri_component"
Info: Instantiated megafunction "BUFFER:inst7|lpm_bustri1:inst3|lpm_bustri:lpm_bustri_component" with the following parameter:
    Info: Parameter "lpm_type" = "LPM_BUSTRI"
    Info: Parameter "lpm_width" = "8"
Info: Elaborating entity "lpm_dff0" for hierarchy "BUFFER:inst7|lpm_dff0:inst1"
Info: Elaborating entity "lpm_ff" for hierarchy "BUFFER:inst7|lpm_dff0:inst1|lpm_ff:lpm_ff_component"
Info: Elaborated megafunction instantiation "BUFFER:inst7|lpm_dff0:inst1|lpm_ff:lpm_ff_component"
Info: Instantiated megafunction "BUFFER:inst7|lpm_dff0:inst1|lpm_ff:lpm_ff_component" with the following parameter:
    Info: Parameter "lpm_fftype" = "DFF"
    Info: Parameter "lpm_type" = "LPM_FF"
    Info: Parameter "lpm_width" = "8"
Info: Elaborating entity "ROM" for hierarchy "ROM:inst"
Info: Elaborating entity "lpm_bustri0" for hierarchy "ROM:inst|lpm_bustri0:inst2"
Info: Elaborating entity "lpm_bustri" for hierarchy "ROM:inst|lpm_bustri0:inst2|lpm_bustri:lpm_bustri_component"
Info: Elaborated megafunction instantiation "ROM:inst|lpm_bustri0:inst2|lpm_bustri:lpm_bustri_component"
Info: Instantiated megafunction "ROM:inst|lpm_bustri0:inst2|lpm_bustri:lpm_bustri_component" with the following parameter:
    Info: Parameter "lpm_type" = "LPM_BUSTRI"
    Info: Parameter "lpm_width" = "8"
Info: Elaborating entity "lpm_rom0" for hierarchy "ROM:inst|lpm_rom0:inst"
Info: Elaborating entity "altsyncram" for hierarchy "ROM:inst|lpm_rom0:inst|altsyncram:altsyncram_component"
Info: Elaborated megafunction instantiation "ROM:inst|lpm_rom0:inst|altsyncram:altsyncram_component"
Info: Instantiated megafunction "ROM:inst|lpm_rom0:inst|altsyncram:altsyncram_component" with the following parameter:
    Info: Parameter "address_aclr_a" = "NONE"
    Info: Parameter "init_file" = "lab4romhex.hex"
    Info: Parameter "intended_device_family" = "Cyclone"
    Info: Parameter "lpm_hint" = "ENABLE_RUNTIME_MOD=NO"
    Info: Parameter "lpm_type" = "altsyncram"
    Info: Parameter "numwords_a" = "32"
    Info: Parameter "operation_mode" = "ROM"
    Info: Parameter "outdata_aclr_a" = "NONE"
    Info: Parameter "outdata_reg_a" = "UNREGISTERED"
    Info: Parameter "widthad_a" = "5"
    Info: Parameter "width_a" = "8"
    Info: Parameter "width_byteena_a" = "1"
Info: Found 1 design units, including 1 entities, in source file db/altsyncram_c341.tdf
    Info: Found entity 1: altsyncram_c341
Info: Elaborating entity "altsyncram_c341" for hierarchy "ROM:inst|lpm_rom0:inst|altsyncram:altsyncram_component|altsyncram_c341:auto_generated"
Info: Elaborating entity "RAM" for hierarchy "RAM:inst1"
Info: Elaborating entity "LPM_RAM_IO" for hierarchy "RAM:inst1|LPM_RAM_IO:inst"
Info: Elaborated megafunction instantiation "RAM:inst1|LPM_RAM_IO:inst"
Info: Instantiated megafunction "RAM:inst1|LPM_RAM_IO:inst" with the following parameter:
    Info: Parameter "LPM_FILE" = "./lab4ramhex.hex"
    Info: Parameter "LPM_NUMWORDS" = "32"
    Info: Parameter "LPM_OUTDATA" = "REGISTERED"
    Info: Parameter "LPM_WIDTH" = "8"
    Info: Parameter "LPM_WIDTHAD" = "5"
Info: Elaborating entity "altram" for hierarchy "RAM:inst1|LPM_RAM_IO:inst|altram:sram"
Warning: Assertion warning: altram does not support Cyclone device family -- attempting best-case memory conversions, but power-up states and read during write behavior will be different for Cyclone devices
Info: Elaborated megafunction instantiation "RAM:inst1|LPM_RAM_IO:inst|altram:sram", which is child of megafunction instantiation "RAM:inst1|LPM_RAM_IO:inst"
Info: Elaborating entity "altsyncram" for hierarchy "RAM:inst1|LPM_RAM_IO:inst|altram:sram|altsyncram:ram_block"
Info: Elaborated megafunction instantiation "RAM:inst1|LPM_RAM_IO:inst|altram:sram|altsyncram:ram_block", which is child of megafunction instantiation "RAM:inst1|LPM_RAM_IO:inst"
Info: Found 1 design units, including 1 entities, in source file db/altsyncram_0o91.tdf
    Info: Found entity 1: altsyncram_0o91
Info: Elaborating entity "altsyncram_0o91" for hierarchy "RAM:inst1|LPM_RAM_IO:inst|altram:sram|altsyncram:ram_block|altsyncram_0o91:auto_generated"
Warning: Tri-state node(s) do not directly drive top-level pin(s)
    Warning: Converted the fan-out from the tri-state buffer "BUFFER:inst7|lpm_bustri1:inst3|lpm_bustri:lpm_bustri_component|din[7]" to the node "BUFFER:inst7|lpm_dff0:inst1|lpm_ff:lpm_ff_component|dffs[7]" into an OR gate
    Warning: Converted the fan-out from the tri-state buffer "BUFFER:inst7|lpm_bustri1:inst3|lpm_bustri:lpm_bustri_component|din[6]" to the node "BUFFER:inst7|lpm_dff0:inst1|lpm_ff:lpm_ff_component|dffs[6]" into an OR gate
    Warning: Converted the fan-out from the tri-state buffer "BUFFER:inst7|lpm_bustri1:inst3|lpm_bustri:lpm_bustri_component|din[5]" to the node "BUFFER:inst7|lpm_dff0:inst1|lpm_ff:lpm_ff_component|dffs[5]" into an OR gate
    Warning: Converted the fan-out from the tri-state buffer "BUFFER:inst7|lpm_bustri1:inst3|lpm_bustri:lpm_bustri_component|din[4]" to the node "BUFFER:inst7|lpm_dff0:inst1|lpm_ff:lpm_ff_component|dffs[4]" into an OR gate
    Warning: Converted the fan-out from the tri-state buffer "BUFFER:inst7|lpm_bustri1:inst3|lpm_bustri:lpm_bustri_component|din[3]" to the node "BUFFER:inst7|lpm_dff0:inst1|lpm_ff:lpm_ff_component|dffs[3]" into an OR gate
    Warning: Converted the fan-out from the tri-state buffer "BUFFER:inst7|lpm_bustri1:inst3|lpm_bustri:lpm_bustri_component|din[2]" to the node "BUFFER:inst7|lpm_dff0:inst1|lpm_ff:lpm_ff_component|dffs[2]" into an OR gate
    Warning: Converted the fan-out from the tri-state buffer "BUFFER:inst7|lpm_bustri1:inst3|lpm_bustri:lpm_bustri_component|din[1]" to the node "BUFFER:inst7|lpm_dff0:inst1|lpm_ff:lpm_ff_component|dffs[1]" into an OR gate
    Warning: Converted the fan-out from the tri-state buffer "BUFFER:inst7|lpm_bustri1:inst3|lpm_bustri:lpm_bustri_component|din[0]" to the node "BUFFER:inst7|lpm_dff0:inst1|lpm_ff:lpm_ff_component|dffs[0]" into an OR gate
Warning: Tri-state node(s) do not directly drive top-level pin(s)
    Warning: Converted the fan-out from the tri-state buffer "RAM:inst1|lpm_ram_io:inst|datatri[7]" to the node "RAM:inst1|lpm_ram_io:inst|altram:sram|altsyncram:ram_block|altsyncram_0o91:auto_generated|q_a[7]" into an OR gate
    Warning: Converted the fan-out from the tri-state buffer "RAM:inst1|lpm_ram_io:inst|datatri[6]" to the node "RAM:inst1|lpm_ram_io:inst|altram:sram|altsyncram:ram_block|altsyncram_0o91:auto_generated|q_a[6]" into an OR gate
    Warning: Converted the fan-out from the tri-state buffer "RAM:inst1|lpm_ram_io:inst|datatri[5]" to the node "RAM:inst1|lpm_ram_io:inst|altram:sram|altsyncram:ram_block|altsyncram_0o91:auto_generated|q_a[5]" into an OR gate
    Warning: Converted the fan-out from the tri-state buffer "RAM:inst1|lpm_ram_io:inst|datatri[4]" to the node "RAM:inst1|lpm_ram_io:inst|altram:sram|altsyncram:ram_block|altsyncram_0o91:auto_generated|q_a[4]" into an OR gate
    Warning: Converted the fan-out from the tri-state buffer "RAM:inst1|lpm_ram_io:inst|datatri[3]" to the node "RAM:inst1|lpm_ram_io:inst|altram:sram|altsyncram:ram_block|altsyncram_0o91:auto_generated|q_a[3]" into an OR gate
    Warning: Converted the fan-out from the tri-state buffer "RAM:inst1|lpm_ram_io:inst|datatri[2]" to the node "RAM:inst1|lpm_ram_io:inst|altram:sram|altsyncram:ram_block|altsyncram_0o91:auto_generated|q_a[2]" into an OR gate
    Warning: Converted the fan-out from the tri-state buffer "RAM:inst1|lpm_ram_io:inst|datatri[1]" to the node "RAM:inst1|lpm_ram_io:inst|altram:sram|altsyncram:ram_block|altsyncram_0o91:auto_generated|q_a[1]" into an OR gate
    Warning: Converted the fan-out from the tri-state buffer "RAM:inst1|lpm_ram_io:inst|datatri[0]" to the node "RAM:inst1|lpm_ram_io:inst|altram:sram|altsyncram:ram_block|altsyncram_0o91:auto_generated|q_a[0]" into an OR gate
Info: Implemented 84 device resources after synthesis - the final resource count might be different
    Info: Implemented 9 input pins
    Info: Implemented 24 output pins
    Info: Implemented 35 logic cells
    Info: Implemented 16 RAM segments
Info: Quartus II Analysis & Synthesis was successful. 0 errors, 19 warnings
    Info: Peak virtual memory: 405 megabytes
    Info: Processing ended: Thu Nov 09 20:59:58 2023
    Info: Elapsed time: 00:00:03
    Info: Total CPU time (on all processors): 00:00:05


