#-----------------------------------------------------------
# Vivado v2018.2 (64-bit)
# SW Build 2258646 on Thu Jun 14 20:03:12 MDT 2018
# IP Build 2256618 on Thu Jun 14 22:10:49 MDT 2018
# Start of session at: Mon Dec 16 14:00:00 2024
# Process ID: 51056
# Current directory: C:/BSUIR/7semestr/apcu/lab3/lab1
# Command line: vivado.exe -gui_launcher_event rodinguilauncherevent36028 C:\BSUIR\7semestr\apcu\lab3\lab1\lab1.xpr
# Log file: C:/BSUIR/7semestr/apcu/lab3/lab1/vivado.log
# Journal file: C:/BSUIR/7semestr/apcu/lab3/lab1\vivado.jou
#-----------------------------------------------------------
start_gui
open_project C:/BSUIR/7semestr/apcu/lab3/lab1/lab1.xpr
Scanning sources...
Finished scanning sources
INFO: [IP_Flow 19-234] Refreshing IP repositories
INFO: [IP_Flow 19-1704] No user IP repositories specified
INFO: [IP_Flow 19-2313] Loaded Vivado IP repository 'C:/Xilinx/Vivado/2018.2/data/ip'.
open_project: Time (s): cpu = 00:00:17 ; elapsed = 00:00:09 . Memory (MB): peak = 741.738 ; gain = 55.312
update_compile_order -fileset sources_1
launch_simulation
INFO: [Vivado 12-5682] Launching behavioral simulation in 'C:/BSUIR/7semestr/apcu/lab3/lab1/lab1.sim/sim_1/behav/xsim'
INFO: [SIM-utils-51] Simulation object is 'sim_1'
INFO: [SIM-utils-54] Inspecting design source files for 'Serial_sim' in fileset 'sim_1'...
INFO: [USF-XSim-97] Finding global include files...
INFO: [USF-XSim-98] Fetching design files from 'sim_1'...
INFO: [USF-XSim-2] XSim::Compile design
INFO: [USF-XSim-61] Executing 'COMPILE and ANALYZE' step in 'C:/BSUIR/7semestr/apcu/lab3/lab1/lab1.sim/sim_1/behav/xsim'
"xvhdl --incr --relax -prj Serial_sim_vhdl.prj"
INFO: [VRFC 10-163] Analyzing VHDL file "C:/BSUIR/7semestr/apcu/lab3/lab1/lab1.srcs/sim_1/new/Serial_sim.vhd" into library xil_defaultlib
INFO: [VRFC 10-307] analyzing entity Serial_sim
INFO: [USF-XSim-69] 'compile' step finished in '2' seconds
INFO: [USF-XSim-3] XSim::Elaborate design
INFO: [USF-XSim-61] Executing 'ELABORATE' step in 'C:/BSUIR/7semestr/apcu/lab3/lab1/lab1.sim/sim_1/behav/xsim'
Vivado Simulator 2018.2
Copyright 1986-1999, 2001-2018 Xilinx, Inc. All Rights Reserved.
Running: C:/Xilinx/Vivado/2018.2/bin/unwrapped/win64.o/xelab.exe -wto 238828417b85489ba6a952eb7db356df --incr --debug typical --relax --mt 2 -L xil_defaultlib -L secureip --snapshot Serial_sim_behav xil_defaultlib.Serial_sim -log elaborate.log 
Using 2 slave threads.
Starting static elaboration
Completed static elaboration
Starting simulation data flow analysis
Completed simulation data flow analysis
Time Resolution for simulation is 1ps
Compiling package std.standard
Compiling package std.textio
Compiling package ieee.std_logic_1164
Compiling package ieee.numeric_std
Compiling package ieee.std_logic_textio
Compiling architecture behavioral of entity xil_defaultlib.Serial [serial_default]
Compiling architecture behavioral of entity xil_defaultlib.serial_sim
Built simulation snapshot Serial_sim_behav

****** Webtalk v2018.2 (64-bit)
  **** SW Build 2258646 on Thu Jun 14 20:03:12 MDT 2018
  **** IP Build 2256618 on Thu Jun 14 22:10:49 MDT 2018
    ** Copyright 1986-2018 Xilinx, Inc. All Rights Reserved.

source C:/BSUIR/7semestr/apcu/lab3/lab1/lab1.sim/sim_1/behav/xsim/xsim.dir/Serial_sim_behav/webtalk/xsim_webtalk.tcl -notrace
INFO: [Common 17-206] Exiting Webtalk at Mon Dec 16 14:01:28 2024...
run_program: Time (s): cpu = 00:00:00 ; elapsed = 00:00:06 . Memory (MB): peak = 787.957 ; gain = 0.000
INFO: [USF-XSim-69] 'elaborate' step finished in '5' seconds
INFO: [USF-XSim-4] XSim::Simulate design
INFO: [USF-XSim-61] Executing 'SIMULATE' step in 'C:/BSUIR/7semestr/apcu/lab3/lab1/lab1.sim/sim_1/behav/xsim'
INFO: [USF-XSim-98] *** Running xsim
   with args "Serial_sim_behav -key {Behavioral:sim_1:Functional:Serial_sim} -tclbatch {Serial_sim.tcl} -log {simulate.log}"
INFO: [USF-XSim-8] Loading simulator feature
Vivado Simulator 2018.2
Time resolution is 1 ps
source Serial_sim.tcl
# set curr_wave [current_wave_config]
# if { [string length $curr_wave] == 0 } {
#   if { [llength [get_objects]] > 0} {
#     add_wave /
#     set_property needs_save false [current_wave_config]
#   } else {
#      send_msg_id Add_Wave-1 WARNING "No top level signals found. Simulator will start without a wave window. If you want to open a wave window go to 'File->New Waveform Configuration' or type 'create_wave_config' in the TCL console."
#   }
# }
WARNING: Simulation object /Serial_sim/input_buf was not traceable in the design for the following reason:
Vivado Simulator does not yet support tracing of VHDL variables.
# run 1000ns
INFO: [USF-XSim-96] XSim completed. Design snapshot 'Serial_sim_behav' loaded.
INFO: [USF-XSim-97] XSim simulation ran for 1000ns
launch_simulation: Time (s): cpu = 00:00:08 ; elapsed = 00:00:12 . Memory (MB): peak = 801.316 ; gain = 13.359
set_property top Serial_sim2 [get_filesets sim_1]
set_property top_lib xil_defaultlib [get_filesets sim_1]
update_compile_order -fileset sim_1
launch_simulation
INFO: [Vivado 12-5682] Launching behavioral simulation in 'C:/BSUIR/7semestr/apcu/lab3/lab1/lab1.sim/sim_1/behav/xsim'
INFO: [SIM-utils-51] Simulation object is 'sim_1'
INFO: [SIM-utils-54] Inspecting design source files for 'Serial_sim2' in fileset 'sim_1'...
INFO: [USF-XSim-97] Finding global include files...
INFO: [USF-XSim-98] Fetching design files from 'sim_1'...
INFO: [USF-XSim-2] XSim::Compile design
INFO: [USF-XSim-61] Executing 'COMPILE and ANALYZE' step in 'C:/BSUIR/7semestr/apcu/lab3/lab1/lab1.sim/sim_1/behav/xsim'
"xvhdl --incr --relax -prj Serial_sim2_vhdl.prj"
INFO: [VRFC 10-163] Analyzing VHDL file "C:/BSUIR/7semestr/apcu/lab3/lab1/lab1.srcs/sources_1/new/Parallel.vhd" into library xil_defaultlib
INFO: [VRFC 10-307] analyzing entity Parallel
INFO: [VRFC 10-163] Analyzing VHDL file "C:/BSUIR/7semestr/apcu/lab3/lab1/lab1.srcs/sim_1/new/Serial_sim2.vhd" into library xil_defaultlib
INFO: [VRFC 10-307] analyzing entity Serial_sim2
INFO: [USF-XSim-69] 'compile' step finished in '2' seconds
INFO: [USF-XSim-3] XSim::Elaborate design
INFO: [USF-XSim-61] Executing 'ELABORATE' step in 'C:/BSUIR/7semestr/apcu/lab3/lab1/lab1.sim/sim_1/behav/xsim'
Vivado Simulator 2018.2
Copyright 1986-1999, 2001-2018 Xilinx, Inc. All Rights Reserved.
Running: C:/Xilinx/Vivado/2018.2/bin/unwrapped/win64.o/xelab.exe -wto 238828417b85489ba6a952eb7db356df --incr --debug typical --relax --mt 2 -L xil_defaultlib -L secureip --snapshot Serial_sim2_behav xil_defaultlib.Serial_sim2 -log elaborate.log 
Using 2 slave threads.
Starting static elaboration
Completed static elaboration
Starting simulation data flow analysis
Completed simulation data flow analysis
Time Resolution for simulation is 1ps
Compiling package std.standard
Compiling package std.textio
Compiling package ieee.std_logic_1164
Compiling package ieee.numeric_std
Compiling package ieee.std_logic_textio
Compiling architecture behavioral of entity xil_defaultlib.Serial [serial_default]
Compiling architecture behavioral of entity xil_defaultlib.Parallel [parallel_default]
Compiling architecture behavioral of entity xil_defaultlib.serial_sim2
Built simulation snapshot Serial_sim2_behav

****** Webtalk v2018.2 (64-bit)
  **** SW Build 2258646 on Thu Jun 14 20:03:12 MDT 2018
  **** IP Build 2256618 on Thu Jun 14 22:10:49 MDT 2018
    ** Copyright 1986-2018 Xilinx, Inc. All Rights Reserved.

source C:/BSUIR/7semestr/apcu/lab3/lab1/lab1.sim/sim_1/behav/xsim/xsim.dir/Serial_sim2_behav/webtalk/xsim_webtalk.tcl -notrace
INFO: [Common 17-206] Exiting Webtalk at Mon Dec 16 14:02:24 2024...
INFO: [USF-XSim-69] 'elaborate' step finished in '4' seconds
INFO: [USF-XSim-4] XSim::Simulate design
INFO: [USF-XSim-61] Executing 'SIMULATE' step in 'C:/BSUIR/7semestr/apcu/lab3/lab1/lab1.sim/sim_1/behav/xsim'
INFO: [USF-XSim-98] *** Running xsim
   with args "Serial_sim2_behav -key {Behavioral:sim_1:Functional:Serial_sim2} -tclbatch {Serial_sim2.tcl} -log {simulate.log}"
INFO: [USF-XSim-8] Loading simulator feature
Vivado Simulator 2018.2
Time resolution is 1 ps
source Serial_sim2.tcl
# set curr_wave [current_wave_config]
# if { [string length $curr_wave] == 0 } {
#   if { [llength [get_objects]] > 0} {
#     add_wave /
#     set_property needs_save false [current_wave_config]
#   } else {
#      send_msg_id Add_Wave-1 WARNING "No top level signals found. Simulator will start without a wave window. If you want to open a wave window go to 'File->New Waveform Configuration' or type 'create_wave_config' in the TCL console."
#   }
# }
WARNING: Simulation object /Serial_sim2/input_buf was not traceable in the design for the following reason:
Vivado Simulator does not yet support tracing of VHDL variables.
# run 1000ns
INFO: [USF-XSim-96] XSim completed. Design snapshot 'Serial_sim2_behav' loaded.
INFO: [USF-XSim-97] XSim simulation ran for 1000ns
launch_simulation: Time (s): cpu = 00:00:05 ; elapsed = 00:00:09 . Memory (MB): peak = 842.844 ; gain = 31.254
close_sim
INFO: [Simtcl 6-16] Simulation closed
close_sim
INFO: [Simtcl 6-16] Simulation closed
exit
INFO: [Common 17-206] Exiting Vivado at Mon Dec 16 14:03:31 2024...
