#-----------------------------------------------------------
# Vivado v2018.2 (64-bit)
# SW Build 2258646 on Thu Jun 14 20:03:12 MDT 2018
# IP Build 2256618 on Thu Jun 14 22:10:49 MDT 2018
# Start of session at: Tue Oct 22 09:29:22 2024
# Process ID: 8464
# Current directory: D:/...!/7 ÒÂÏ/¿œ÷”/2/lab2222
# Command line: vivado.exe -gui_launcher_event rodinguilauncherevent9352 D:\...\7 ÒÂÏ\¿œ÷”\2\lab2222\lab2222.xpr
# Log file: D:/...!/7 ÒÂÏ/¿œ÷”/2/lab2222/vivado.log
# Journal file: D:/...!/7 ÒÂÏ/¿œ÷”/2/lab2222\vivado.jou
#-----------------------------------------------------------
start_gui
eopen_project D:/vivado_project/lab2222/lab2222.xpr
Scanning sources...
Finished scanning sources
INFO: [IP_Flow 19-234] Refreshing IP repositories
INFO: [IP_Flow 19-1704] No user IP repositories specified
INFO: [IP_Flow 19-2313] Loaded Vivado IP repository 'D:/vivado/Vivado/2018.2/data/ip'.
open_project: Time (s): cpu = 00:00:13 ; elapsed = 00:00:07 . Memory (MB): peak = 787.109 ; gain = 76.531
update_compile_order -fileset sources_1
exit
INFO: [Common 17-206] Exiting Vivado at Tue Oct 22 09:32:55 2024...
