#-----------------------------------------------------------
# Vivado v2018.2 (64-bit)
# SW Build 2258646 on Thu Jun 14 20:03:12 MDT 2018
# IP Build 2256618 on Thu Jun 14 22:10:49 MDT 2018
# Start of session at: Tue Nov  5 13:10:51 2024
# Process ID: 42432
# Current directory: C:/Users/37544/OneDrive/Рабочий стол/lab2222
# Command line: vivado.exe -gui_launcher_event rodinguilauncherevent32232 C:\Users\37544\OneDrive\Рабочий стол\lab2222\lab2222.xpr
# Log file: C:/Users/37544/OneDrive/Рабочий стол/lab2222/vivado.log
# Journal file: C:/Users/37544/OneDrive/Рабочий стол/lab2222\vivado.jou
#-----------------------------------------------------------
start_gui
open_project {C:/Users/37544/OneDrive/Рабочий стол/lab2222/lab2222.xpr}
INFO: [Project 1-313] Project file moved from 'D:/vivado_project/lab2222' since last save.
Scanning sources...
Finished scanning sources
INFO: [IP_Flow 19-234] Refreshing IP repositories
INFO: [IP_Flow 19-1704] No user IP repositories specified
INFO: [IP_Flow 19-2313] Loaded Vivado IP repository 'C:/Xilinx/Vivado/2018.2/data/ip'.
update_compile_order -fileset sources_1
exit
INFO: [Common 17-206] Exiting Vivado at Tue Nov  5 13:15:43 2024...
