
**** Build of configuration Debug for project laba6 ****

"C:\\ti\\ccsv7\\utils\\bin\\gmake" -k -j 8 all -O 
'Building target: laba6.out'
'Invoking: MSP430 Linker'
"C:/ti/ccsv7/tools/compiler/ti-cgt-msp430_16.9.4.LTS/bin/cl430" -vmspx --data_model=restricted --use_hw_mpy=F5 --advice:power=all --define=__MSP430F5529__ -g --printf_support=minimal --diag_warning=225 --diag_wrap=off --display_error_number --silicon_errata=CPU21 --silicon_errata=CPU22 --silicon_errata=CPU23 --silicon_errata=CPU40 -z -m"laba6.map" --heap_size=160 --stack_size=160 --cinit_hold_wdt=on -i"C:/ti/ccsv7/ccs_base/msp430/include" -i"C:/ti/ccsv7/ccs_base/msp430/lib/5xx_6xx_FRxx" -i"C:/ti/ccsv7/tools/compiler/ti-cgt-msp430_16.9.4.LTS/lib" -i"C:/ti/ccsv7/tools/compiler/ti-cgt-msp430_16.9.4.LTS/include" --reread_libs --diag_wrap=off --display_error_number --warn_sections --xml_link_info="laba6_linkInfo.xml" --use_hw_mpy=F5 --rom_model -o "laba6.out" "./CTS_HAL.obj" "./CTS_Layer.obj" "./HAL_AppUart.obj" "./HAL_Board.obj" "./HAL_Buttons.obj" "./HAL_Cma3000.obj" "./HAL_Dogs102x6.obj" "./HAL_FLASH.obj" "./HAL_Menu.obj" "./HAL_SDCard.obj" "./HAL_UCS.obj" "./HAL_Wheel.obj" "./ff.obj" "./main.obj" "./mmc.obj" "./structure.obj" "./syscall.obj"  -llibmath.a -llibc.a 
<Linking>
warning #10247-D: creating output section ".text" without a SECTIONS specification
warning #10247-D: creating output section ".const" without a SECTIONS specification
warning #10247-D: creating output section ".data" without a SECTIONS specification
warning #10247-D: creating output section ".bss" without a SECTIONS specification
warning #10247-D: creating output section ".reset" without a SECTIONS specification
warning #10247-D: creating output section ".cinit" without a SECTIONS specification
warning #10247-D: creating output section ".stack" without a SECTIONS specification

 undefined   first referenced   
  symbol         in file        
 ---------   ----------------   
 DMA0CTL     ./main.obj         
 DMA0DA      ./main.obj         
 DMA0SA      ./main.obj         
 DMA0SZ      ./main.obj         
 DMACTL0     ./main.obj         
 PADIR_H     ./HAL_Board.obj    
 PAIES_H     ./HAL_Cma3000.obj  
 PAIE_H      ./HAL_Cma3000.obj  
 PAIFG_H     ./HAL_Cma3000.obj  
 PAIN_H      ./HAL_Cma3000.obj  
 PAIN_L      ./main.obj         
 PAOUT_H     ./HAL_Board.obj    
 PAOUT_L     ./HAL_Board.obj    
 PAREN_H     ./main.obj         
 PAREN_L     ./main.obj         
 PASEL_H     ./HAL_Cma3000.obj  
 PBDIR_H     ./HAL_Board.obj    
 PBDIR_L     ./HAL_Board.obj    
 PBOUT_H     ./HAL_Board.obj    
 PBOUT_L     ./HAL_Board.obj    
 PBREN_H     ./HAL_SDCard.obj   
 PBSEL_H     ./HAL_AppUart.obj  
 PBSEL_L     ./HAL_Cma3000.obj  
 PCDIR_L     ./HAL_Board.obj    
 PCOUT_L     ./HAL_Board.obj    
 PDDIR_L     ./HAL_Board.obj    
 PDOUT_L     ./HAL_Board.obj    
 PDSEL_L     ./HAL_Dogs102x6.obj
 TA1CTL      ./CTS_HAL.obj      
 TA2CCR0     ./main.obj         
 TA2CCTL0    ./main.obj         
 TA2CTL      ./main.obj         
 TB0CCR0     ./HAL_Dogs102x6.obj
 TB0CCR4     ./HAL_Dogs102x6.obj
 TB0CCTL4    ./HAL_Dogs102x6.obj
 TB0CTL      ./HAL_Dogs102x6.obj
 UCA0BRW_H   ./HAL_Cma3000.obj  
 UCA0BRW_L   ./HAL_Cma3000.obj  
 UCA0CTLW0_H ./HAL_Cma3000.obj  
 UCA0CTLW0_L ./HAL_Cma3000.obj  
 UCA0ICTL_H  ./HAL_Cma3000.obj  
 UCA0MCTL    ./HAL_Cma3000.obj  
 UCA0RXBUF   ./HAL_Cma3000.obj  
 UCA0STAT    ./HAL_Cma3000.obj  
 UCA0TXBUF   ./HAL_Cma3000.obj  
 UCB1BRW_H   ./HAL_Dogs102x6.obj
 UCB1BRW_L   ./HAL_Dogs102x6.obj
 UCB1CTLW0_H ./HAL_Dogs102x6.obj
 UCB1CTLW0_L ./HAL_Dogs102x6.obj
 UCB1ICTL_H  ./HAL_Dogs102x6.obj
 UCB1RXBUF   ./HAL_Dogs102x6.obj
 UCB1STAT    ./HAL_Dogs102x6.obj
 UCB1TXBUF   ./HAL_Dogs102x6.obj
 WDTCTL      ./HAL_Buttons.obj  
 f_mkfs      ./main.obj         

error #10234-D: unresolved symbols remain

error #10010: errors encountered during linking; "laba6.out" not built
>> Compilation failure
makefile:157: recipe for target 'laba6.out' failed
gmake[1]: *** [laba6.out] Error 1
gmake: *** [all] Error 2
makefile:153: recipe for target 'all' failed

**** Build Finished ****
